[ 20.10.2017 20:20:14 ]: 
Started
[ 20.10.2017 20:20:14 ]: Loading Sales Data...
[ 20.10.2017 20:21:04 ]: Loading Sales Data: done
[ 20.10.2017 20:21:04 ]: Loading Purchase Data...
[ 20.10.2017 20:21:22 ]: Loading Purchase Data: done
[ 20.10.2017 20:21:22 ]: Loading Production Data...
[ 20.10.2017 20:21:33 ]: Loading Production Data: done
[ 20.10.2017 20:21:33 ]: Loading Item Data...
[ 20.10.2017 20:34:36 ]: 
Started
[ 20.10.2017 20:34:36 ]: Loading Sales Data...
[ 20.10.2017 20:35:26 ]: Loading Sales Data: done
[ 20.10.2017 20:35:26 ]: Loading Purchase Data...
[ 20.10.2017 20:35:49 ]: Loading Purchase Data: done
[ 20.10.2017 20:35:49 ]: Loading Production Data...
[ 20.10.2017 20:36:00 ]: Loading Production Data: done
[ 20.10.2017 20:36:00 ]: Loading Item Data...
[ 20.10.2017 20:39:45 ]: 
Started
[ 20.10.2017 20:39:45 ]: Loading Sales Data...
[ 20.10.2017 20:40:28 ]: Loading Sales Data: done
[ 20.10.2017 20:40:28 ]: Loading Purchase Data...
[ 20.10.2017 20:40:51 ]: Loading Purchase Data: done
[ 20.10.2017 20:40:51 ]: Loading Production Data...
[ 20.10.2017 20:41:04 ]: Loading Production Data: done
[ 20.10.2017 20:41:04 ]: Loading Item Data...
[ 20.10.2017 21:04:15 ]: 
Started
[ 20.10.2017 21:04:15 ]: Loading Sales Data...
[ 20.10.2017 21:04:36 ]: 
Started
[ 20.10.2017 21:04:36 ]: Loading Sales Data...
[ 20.10.2017 21:05:26 ]: Loading Sales Data: done
[ 20.10.2017 21:05:26 ]: Loading Purchase Data...
[ 20.10.2017 21:05:44 ]: Loading Purchase Data: done
[ 20.10.2017 21:05:44 ]: Loading Production Data...
[ 20.10.2017 21:05:55 ]: Loading Production Data: done
[ 20.10.2017 21:05:55 ]: Loading Item Data...
[ 20.10.2017 21:11:42 ]: Loading Item Data: done
[ 20.10.2017 21:12:19 ]: Data generated. Required time: 00:07:43.0068938
[ 20.10.2017 21:14:22 ]: 
Started
[ 20.10.2017 21:14:22 ]: Loading Sales Data...
[ 20.10.2017 21:15:16 ]: Loading Sales Data: done
[ 20.10.2017 21:15:16 ]: Loading Purchase Data...
[ 20.10.2017 21:15:39 ]: Loading Purchase Data: done
[ 20.10.2017 21:15:39 ]: Loading Production Data...
[ 20.10.2017 21:15:54 ]: Loading Production Data: done
[ 20.10.2017 21:15:54 ]: Loading Item Data...
[ 20.10.2017 21:17:46 ]: 
Started
[ 20.10.2017 21:17:46 ]: Loading Sales Data...
[ 20.10.2017 21:18:33 ]: Loading Sales Data: done
[ 20.10.2017 21:18:33 ]: Loading Purchase Data...
[ 20.10.2017 21:18:51 ]: Loading Purchase Data: done
[ 20.10.2017 21:18:51 ]: Loading Production Data...
[ 20.10.2017 21:19:02 ]: Loading Production Data: done
[ 20.10.2017 21:19:02 ]: Loading Item Data...
[ 20.10.2017 21:48:14 ]: Loading Item Data: done
[ 20.10.2017 21:49:03 ]: Data generated. Required time: 00:31:16.4795383
[ 20.10.2017 21:51:45 ]: 
Started
[ 20.10.2017 21:51:45 ]: Loading Sales Data...
[ 20.10.2017 21:52:32 ]: Loading Sales Data: done
[ 20.10.2017 21:52:32 ]: Loading Purchase Data...
[ 20.10.2017 21:52:51 ]: Loading Purchase Data: done
[ 20.10.2017 21:52:51 ]: Loading Production Data...
[ 20.10.2017 21:53:02 ]: Loading Production Data: done
[ 20.10.2017 21:53:02 ]: Loading Item Data...
[ 20.10.2017 21:58:53 ]: Loading Item Data: done
[ 20.10.2017 21:59:31 ]: Data generated. Required time: 00:07:46.7014249
[ 20.10.2017 21:59:42 ]: 
Started
[ 20.10.2017 21:59:42 ]: Loading Sales Data...
[ 20.10.2017 22:00:45 ]: Loading Sales Data: done
[ 20.10.2017 22:00:45 ]: Loading Purchase Data...
[ 20.10.2017 22:01:05 ]: Loading Purchase Data: done
[ 20.10.2017 22:01:05 ]: Loading Production Data...
[ 20.10.2017 22:01:16 ]: Loading Production Data: done
[ 20.10.2017 22:01:16 ]: Loading Item Data...
[ 21.10.2017 01:00:00 ]: 
Started
[ 21.10.2017 01:00:00 ]: Loading Sales Data...
[ 21.10.2017 01:01:49 ]: Loading Sales Data: done
[ 21.10.2017 01:01:49 ]: Loading Purchase Data...
[ 21.10.2017 01:02:35 ]: Loading Purchase Data: done
[ 21.10.2017 01:02:35 ]: Loading Production Data...
[ 21.10.2017 01:02:47 ]: Loading Production Data: done
[ 21.10.2017 01:02:47 ]: Loading Item Data...
[ 21.10.2017 01:11:05 ]: Loading Item Data: done
[ 21.10.2017 01:11:50 ]: Data generated. Required time: 00:11:49.8336140
[ 21.10.2017 02:00:00 ]: 
Started
[ 21.10.2017 02:00:00 ]: Loading Sales Data...
[ 21.10.2017 02:01:54 ]: Loading Sales Data: done
[ 21.10.2017 02:01:54 ]: Loading Purchase Data...
[ 21.10.2017 02:02:38 ]: Loading Purchase Data: done
[ 21.10.2017 02:02:38 ]: Loading Production Data...
[ 21.10.2017 02:02:50 ]: Loading Production Data: done
[ 21.10.2017 02:02:50 ]: Loading Item Data...
[ 21.10.2017 02:10:53 ]: Loading Item Data: done
[ 21.10.2017 02:11:38 ]: Data generated. Required time: 00:11:37.5484456
[ 21.10.2017 03:00:00 ]: 
Started
[ 21.10.2017 03:00:00 ]: Loading Sales Data...
[ 21.10.2017 03:01:03 ]: Loading Sales Data: done
[ 21.10.2017 03:01:03 ]: Loading Purchase Data...
[ 21.10.2017 03:01:18 ]: Loading Purchase Data: done
[ 21.10.2017 03:01:18 ]: Loading Production Data...
[ 21.10.2017 03:01:28 ]: Loading Production Data: done
[ 21.10.2017 03:01:28 ]: Loading Item Data...
[ 21.10.2017 03:07:57 ]: Loading Item Data: done
[ 21.10.2017 03:08:43 ]: Data generated. Required time: 00:08:42.2264692
[ 21.10.2017 04:00:01 ]: 
Started
[ 21.10.2017 04:00:01 ]: Loading Sales Data...
[ 21.10.2017 04:00:46 ]: Loading Sales Data: done
[ 21.10.2017 04:00:46 ]: Loading Purchase Data...
[ 21.10.2017 04:01:10 ]: Loading Purchase Data: done
[ 21.10.2017 04:01:10 ]: Loading Production Data...
[ 21.10.2017 04:01:19 ]: Loading Production Data: done
[ 21.10.2017 04:01:19 ]: Loading Item Data...
[ 21.10.2017 04:07:50 ]: Loading Item Data: done
[ 21.10.2017 04:08:35 ]: Data generated. Required time: 00:08:34.4819634
[ 21.10.2017 05:00:01 ]: 
Started
[ 21.10.2017 05:00:01 ]: Loading Sales Data...
[ 21.10.2017 05:00:45 ]: Loading Sales Data: done
[ 21.10.2017 05:00:45 ]: Loading Purchase Data...
[ 21.10.2017 05:01:02 ]: Loading Purchase Data: done
[ 21.10.2017 05:01:02 ]: Loading Production Data...
[ 21.10.2017 05:01:12 ]: Loading Production Data: done
[ 21.10.2017 05:01:12 ]: Loading Item Data...
[ 21.10.2017 05:07:40 ]: Loading Item Data: done
[ 21.10.2017 05:08:25 ]: Data generated. Required time: 00:08:23.7850774
[ 21.10.2017 06:00:01 ]: 
Started
[ 21.10.2017 06:00:01 ]: Loading Sales Data...
[ 21.10.2017 06:00:47 ]: Loading Sales Data: done
[ 21.10.2017 06:00:47 ]: Loading Purchase Data...
[ 21.10.2017 06:01:02 ]: Loading Purchase Data: done
[ 21.10.2017 06:01:02 ]: Loading Production Data...
[ 21.10.2017 06:01:11 ]: Loading Production Data: done
[ 21.10.2017 06:01:11 ]: Loading Item Data...
[ 21.10.2017 06:07:53 ]: Loading Item Data: done
[ 21.10.2017 06:08:38 ]: Data generated. Required time: 00:08:36.8720555
[ 21.10.2017 07:00:01 ]: 
Started
[ 21.10.2017 07:00:01 ]: Loading Sales Data...
[ 21.10.2017 07:00:45 ]: Loading Sales Data: done
[ 21.10.2017 07:00:45 ]: Loading Purchase Data...
[ 21.10.2017 07:01:03 ]: Loading Purchase Data: done
[ 21.10.2017 07:01:03 ]: Loading Production Data...
[ 21.10.2017 07:01:12 ]: Loading Production Data: done
[ 21.10.2017 07:01:12 ]: Loading Item Data...
[ 21.10.2017 07:07:42 ]: Loading Item Data: done
[ 21.10.2017 07:08:27 ]: Data generated. Required time: 00:08:25.7201471
[ 21.10.2017 08:00:01 ]: 
Started
[ 21.10.2017 08:00:01 ]: Loading Sales Data...
[ 21.10.2017 08:00:46 ]: Loading Sales Data: done
[ 21.10.2017 08:00:46 ]: Loading Purchase Data...
[ 21.10.2017 08:01:04 ]: Loading Purchase Data: done
[ 21.10.2017 08:01:04 ]: Loading Production Data...
[ 21.10.2017 08:01:14 ]: Loading Production Data: done
[ 21.10.2017 08:01:14 ]: Loading Item Data...
[ 21.10.2017 08:07:57 ]: Loading Item Data: done
[ 21.10.2017 08:08:42 ]: Data generated. Required time: 00:08:40.4408521
[ 21.10.2017 09:00:02 ]: 
Started
[ 21.10.2017 09:00:02 ]: Loading Sales Data...
[ 21.10.2017 09:00:46 ]: Loading Sales Data: done
[ 21.10.2017 09:00:46 ]: Loading Purchase Data...
[ 21.10.2017 09:01:07 ]: Loading Purchase Data: done
[ 21.10.2017 09:01:07 ]: Loading Production Data...
[ 21.10.2017 09:01:17 ]: Loading Production Data: done
[ 21.10.2017 09:01:17 ]: Loading Item Data...
[ 21.10.2017 09:07:45 ]: Loading Item Data: done
[ 21.10.2017 09:08:30 ]: Data generated. Required time: 00:08:28.0882788
[ 21.10.2017 10:00:02 ]: 
Started
[ 21.10.2017 10:00:02 ]: Loading Sales Data...
[ 21.10.2017 10:00:53 ]: Loading Sales Data: done
[ 21.10.2017 10:00:53 ]: Loading Purchase Data...
[ 21.10.2017 10:01:12 ]: Loading Purchase Data: done
[ 21.10.2017 10:01:12 ]: Loading Production Data...
[ 21.10.2017 10:01:21 ]: Loading Production Data: done
[ 21.10.2017 10:01:21 ]: Loading Item Data...
[ 21.10.2017 10:07:50 ]: Loading Item Data: done
[ 21.10.2017 10:08:35 ]: Data generated. Required time: 00:08:33.1176434
[ 21.10.2017 11:00:02 ]: 
Started
[ 21.10.2017 11:00:02 ]: Loading Sales Data...
[ 21.10.2017 11:00:47 ]: Loading Sales Data: done
[ 21.10.2017 11:00:47 ]: Loading Purchase Data...
[ 21.10.2017 11:01:06 ]: Loading Purchase Data: done
[ 21.10.2017 11:01:06 ]: Loading Production Data...
[ 21.10.2017 11:01:16 ]: Loading Production Data: done
[ 21.10.2017 11:01:16 ]: Loading Item Data...
[ 21.10.2017 11:07:45 ]: Loading Item Data: done
[ 21.10.2017 11:08:30 ]: Data generated. Required time: 00:08:28.5088001
[ 21.10.2017 12:00:02 ]: 
Started
[ 21.10.2017 12:00:02 ]: Loading Sales Data...
[ 21.10.2017 12:00:47 ]: Loading Sales Data: done
[ 21.10.2017 12:00:47 ]: Loading Purchase Data...
[ 21.10.2017 12:01:10 ]: Loading Purchase Data: done
[ 21.10.2017 12:01:10 ]: Loading Production Data...
[ 21.10.2017 12:01:19 ]: Loading Production Data: done
[ 21.10.2017 12:01:19 ]: Loading Item Data...
[ 21.10.2017 12:07:55 ]: Loading Item Data: done
[ 21.10.2017 12:08:39 ]: Data generated. Required time: 00:08:37.3731454
[ 21.10.2017 13:00:02 ]: 
Started
[ 21.10.2017 13:00:02 ]: Loading Sales Data...
[ 21.10.2017 13:00:47 ]: Loading Sales Data: done
[ 21.10.2017 13:00:47 ]: Loading Purchase Data...
[ 21.10.2017 13:01:08 ]: Loading Purchase Data: done
[ 21.10.2017 13:01:08 ]: Loading Production Data...
[ 21.10.2017 13:01:17 ]: Loading Production Data: done
[ 21.10.2017 13:01:17 ]: Loading Item Data...
[ 21.10.2017 13:07:46 ]: Loading Item Data: done
[ 21.10.2017 13:08:31 ]: Data generated. Required time: 00:08:28.5045127
[ 21.10.2017 14:00:02 ]: 
Started
[ 21.10.2017 14:00:02 ]: Loading Sales Data...
[ 21.10.2017 14:00:47 ]: Loading Sales Data: done
[ 21.10.2017 14:00:47 ]: Loading Purchase Data...
[ 21.10.2017 14:01:02 ]: Loading Purchase Data: done
[ 21.10.2017 14:01:02 ]: Loading Production Data...
[ 21.10.2017 14:01:11 ]: Loading Production Data: done
[ 21.10.2017 14:01:11 ]: Loading Item Data...
[ 21.10.2017 14:06:32 ]: 
Started
[ 21.10.2017 14:06:32 ]: Loading Sales Data...
[ 21.10.2017 15:06:32 ]: 
Started
[ 21.10.2017 15:06:32 ]: Loading Sales Data...
[ 21.10.2017 15:07:22 ]: Loading Sales Data: done
[ 21.10.2017 15:07:22 ]: Loading Purchase Data...
[ 21.10.2017 15:07:40 ]: Loading Purchase Data: done
[ 21.10.2017 15:07:40 ]: Loading Production Data...
[ 21.10.2017 15:07:50 ]: Loading Production Data: done
[ 21.10.2017 15:07:50 ]: Loading Item Data...
[ 21.10.2017 15:14:54 ]: Loading Item Data: done
[ 21.10.2017 15:15:43 ]: Data generated. Required time: 00:09:11.3023526
[ 21.10.2017 15:29:29 ]: 
Started
[ 21.10.2017 15:29:29 ]: Loading Sales Data...
[ 21.10.2017 15:30:27 ]: 
Started
[ 21.10.2017 15:30:27 ]: Loading Sales Data...
[ 21.10.2017 15:51:29 ]: 
Started
[ 21.10.2017 15:51:29 ]: Loading Sales Data...
[ 21.10.2017 15:52:22 ]: Loading Sales Data: done
[ 21.10.2017 15:52:22 ]: Loading Purchase Data...
[ 21.10.2017 15:52:44 ]: Loading Purchase Data: done
[ 21.10.2017 15:52:44 ]: Loading Production Data...
[ 21.10.2017 15:52:58 ]: Loading Production Data: done
[ 21.10.2017 15:52:58 ]: Loading Item Data...
[ 21.10.2017 16:43:31 ]: 
Started
[ 21.10.2017 16:43:31 ]: Loading Sales Data...
[ 22.03.2018 11:40:54 ]: 
Started
[ 22.03.2018 11:40:54 ]: Loading Sales Data...
[ 22.03.2018 11:42:00 ]: 
Started
[ 22.03.2018 11:42:00 ]: Loading Sales Data...
