[ 12.03.2018 09:44:46 ]: 
Started
[ 12.03.2018 09:44:47 ]: Loading Sales Data...
[ 12.03.2018 09:46:06 ]: Loading Sales Data: done
[ 12.03.2018 09:46:07 ]: Loading Purchase Data...
[ 12.03.2018 09:46:35 ]: Loading Purchase Data: done
[ 12.03.2018 09:46:35 ]: Loading Production Data...
[ 12.03.2018 09:46:45 ]: Loading Production Data: done
[ 12.03.2018 09:46:45 ]: Loading Item Data...
[ 12.03.2018 09:55:50 ]: Loading Item Data: done
[ 12.03.2018 09:56:25 ]: Data generated. Required time: 00:11:38.6724240
[ 12.03.2018 10:44:46 ]: 
Started
[ 12.03.2018 10:44:46 ]: Loading Sales Data...
[ 12.03.2018 10:45:49 ]: Loading Sales Data: done
[ 12.03.2018 10:45:49 ]: Loading Purchase Data...
[ 12.03.2018 10:46:08 ]: Loading Purchase Data: done
[ 12.03.2018 10:46:08 ]: Loading Production Data...
[ 12.03.2018 10:46:18 ]: Loading Production Data: done
[ 12.03.2018 10:46:18 ]: Loading Item Data...
[ 12.03.2018 10:55:22 ]: Loading Item Data: done
[ 12.03.2018 10:55:56 ]: Data generated. Required time: 00:11:09.8933911
[ 12.03.2018 11:44:46 ]: 
Started
[ 12.03.2018 11:44:46 ]: Loading Sales Data...
[ 12.03.2018 11:45:53 ]: Loading Sales Data: done
[ 12.03.2018 11:45:53 ]: Loading Purchase Data...
[ 12.03.2018 11:46:10 ]: Loading Purchase Data: done
[ 12.03.2018 11:46:10 ]: Loading Production Data...
[ 12.03.2018 11:46:20 ]: Loading Production Data: done
[ 12.03.2018 11:46:20 ]: Loading Item Data...
[ 12.03.2018 11:55:22 ]: Loading Item Data: done
[ 12.03.2018 11:55:56 ]: Data generated. Required time: 00:11:10.1257372
[ 12.03.2018 12:44:46 ]: 
Started
[ 12.03.2018 12:44:46 ]: Loading Sales Data...
[ 12.03.2018 12:45:39 ]: Loading Sales Data: done
[ 12.03.2018 12:45:39 ]: Loading Purchase Data...
[ 12.03.2018 12:45:57 ]: Loading Purchase Data: done
[ 12.03.2018 12:45:57 ]: Loading Production Data...
[ 12.03.2018 12:46:06 ]: Loading Production Data: done
[ 12.03.2018 12:46:06 ]: Loading Item Data...
[ 12.03.2018 12:55:14 ]: Loading Item Data: done
[ 12.03.2018 12:55:49 ]: Data generated. Required time: 00:11:02.4072084
[ 12.03.2018 13:44:47 ]: 
Started
[ 12.03.2018 13:44:47 ]: Loading Sales Data...
[ 12.03.2018 13:45:48 ]: Loading Sales Data: done
[ 12.03.2018 13:45:48 ]: Loading Purchase Data...
[ 12.03.2018 13:46:04 ]: Loading Purchase Data: done
[ 12.03.2018 13:46:04 ]: Loading Production Data...
[ 12.03.2018 13:46:15 ]: Loading Production Data: done
[ 12.03.2018 13:46:15 ]: Loading Item Data...
[ 12.03.2018 13:55:21 ]: Loading Item Data: done
[ 12.03.2018 13:55:57 ]: Data generated. Required time: 00:11:09.3809626
[ 12.03.2018 14:44:47 ]: 
Started
[ 12.03.2018 14:44:47 ]: Loading Sales Data...
[ 12.03.2018 14:45:47 ]: Loading Sales Data: done
[ 12.03.2018 14:45:47 ]: Loading Purchase Data...
[ 12.03.2018 14:46:03 ]: Loading Purchase Data: done
[ 12.03.2018 14:46:03 ]: Loading Production Data...
[ 12.03.2018 14:46:12 ]: Loading Production Data: done
[ 12.03.2018 14:46:12 ]: Loading Item Data...
[ 12.03.2018 14:55:10 ]: Loading Item Data: done
[ 12.03.2018 14:55:46 ]: Data generated. Required time: 00:10:58.9291935
[ 12.03.2018 15:44:47 ]: 
Started
[ 12.03.2018 15:44:47 ]: Loading Sales Data...
[ 12.03.2018 15:46:06 ]: Loading Sales Data: done
[ 12.03.2018 15:46:06 ]: Loading Purchase Data...
[ 12.03.2018 15:46:23 ]: Loading Purchase Data: done
[ 12.03.2018 15:46:23 ]: Loading Production Data...
[ 12.03.2018 15:46:35 ]: Loading Production Data: done
[ 12.03.2018 15:46:35 ]: Loading Item Data...
[ 12.03.2018 15:55:47 ]: Loading Item Data: done
[ 12.03.2018 15:56:23 ]: Data generated. Required time: 00:11:36.1871117
[ 12.03.2018 16:44:47 ]: 
Started
[ 12.03.2018 16:44:47 ]: Loading Sales Data...
[ 12.03.2018 16:45:35 ]: Loading Sales Data: done
[ 12.03.2018 16:45:35 ]: Loading Purchase Data...
[ 12.03.2018 16:45:55 ]: Loading Purchase Data: done
[ 12.03.2018 16:45:55 ]: Loading Production Data...
[ 12.03.2018 16:46:02 ]: Loading Production Data: done
[ 12.03.2018 16:46:02 ]: Loading Item Data...
[ 12.03.2018 16:54:26 ]: Loading Item Data: done
[ 12.03.2018 16:54:57 ]: Data generated. Required time: 00:10:10.0189459
[ 12.03.2018 17:44:47 ]: 
Started
[ 12.03.2018 17:44:47 ]: Loading Sales Data...
[ 12.03.2018 17:45:42 ]: Loading Sales Data: done
[ 12.03.2018 17:45:42 ]: Loading Purchase Data...
[ 12.03.2018 17:46:00 ]: Loading Purchase Data: done
[ 12.03.2018 17:46:00 ]: Loading Production Data...
[ 12.03.2018 17:46:09 ]: Loading Production Data: done
[ 12.03.2018 17:46:09 ]: Loading Item Data...
[ 12.03.2018 17:54:53 ]: Loading Item Data: done
[ 12.03.2018 17:55:26 ]: Data generated. Required time: 00:10:38.5406083
[ 13.03.2018 06:00:03 ]: 
Started
[ 13.03.2018 06:00:03 ]: Loading Sales Data...
[ 13.03.2018 06:00:58 ]: Loading Sales Data: done
[ 13.03.2018 06:00:58 ]: Loading Purchase Data...
[ 13.03.2018 06:01:19 ]: Loading Purchase Data: done
[ 13.03.2018 06:01:19 ]: Loading Production Data...
[ 13.03.2018 06:01:29 ]: Loading Production Data: done
[ 13.03.2018 06:01:29 ]: Loading Item Data...
[ 13.03.2018 06:10:31 ]: Loading Item Data: done
[ 13.03.2018 06:11:09 ]: Data generated. Required time: 00:11:05.5450430
[ 13.03.2018 06:22:11 ]: 
Started
[ 13.03.2018 06:22:11 ]: Loading Sales Data...
[ 13.03.2018 06:23:10 ]: Loading Sales Data: done
[ 13.03.2018 06:23:10 ]: Loading Purchase Data...
[ 13.03.2018 06:23:33 ]: Loading Purchase Data: done
[ 13.03.2018 06:23:33 ]: Loading Production Data...
[ 13.03.2018 06:23:42 ]: Loading Production Data: done
[ 13.03.2018 06:23:42 ]: Loading Item Data...
[ 13.03.2018 06:31:12 ]: Loading Item Data: done
[ 13.03.2018 06:31:40 ]: System.IO.IOException: Der Prozess kann nicht auf die Datei "C:\Dokumente und Einstellungen\selassaljr\Eigene Dateien\Visual Studio 2010\Projects\Frank SO Demand Report\2.0\2.0.8\Frank SO Demand Report\Server\bin\Release\parent_child_item.xml" zugreifen, da sie von einem anderen Prozess verwendet wird.
   bei System.IO.__Error.WinIOError(Int32 errorCode, String maybeFullPath)
   bei System.IO.FileStream.Init(String path, FileMode mode, FileAccess access, Int32 rights, Boolean useRights, FileShare share, Int32 bufferSize, FileOptions options, SECURITY_ATTRIBUTES secAttrs, String msgPath, Boolean bFromProxy, Boolean useLongPath)
   bei System.IO.FileStream..ctor(String path, FileMode mode, FileAccess access, FileShare share)
   bei System.Data.DataTable.WriteXml(String fileName, XmlWriteMode mode, Boolean writeHierarchy)
   bei Helper_Library.Parent_Child_Item.SaveData(String Path) in C:\Dokumente und Einstellungen\selassaljr\Eigene Dateien\Visual Studio 2010\Projects\Frank SO Demand Report\2.0\2.0.2 Experimental I\Frank SO Demand Report\Helper_Library\Parent_Child_Item.cs:Zeile 109.
[ 13.03.2018 06:31:40 ]: Error: System.IO.IOException: Der Prozess kann nicht auf die Datei "C:\Dokumente und Einstellungen\selassaljr\Eigene Dateien\Visual Studio 2010\Projects\Frank SO Demand Report\2.0\2.0.8\Frank SO Demand Report\Server\bin\Release\final_data.xml" zugreifen, da sie von einem anderen Prozess verwendet wird.
   bei System.IO.__Error.WinIOError(Int32 errorCode, String maybeFullPath)
   bei System.IO.FileStream.Init(String path, FileMode mode, FileAccess access, Int32 rights, Boolean useRights, FileShare share, Int32 bufferSize, FileOptions options, SECURITY_ATTRIBUTES secAttrs, String msgPath, Boolean bFromProxy, Boolean useLongPath)
   bei System.IO.FileStream..ctor(String path, FileMode mode, FileAccess access, FileShare share)
   bei System.Data.DataSet.WriteXml(String fileName, XmlWriteMode mode)
   bei Frank_SO_Demand_Report.Report.Start(String connection_string, String export_data_location) in C:\Dokumente und Einstellungen\selassaljr\Eigene Dateien\Visual Studio 2010\Projects\Frank SO Demand Report\2.0\2.0.8\Frank SO Demand Report\Frank SO Demand Report\Report.cs:Zeile 185.
[ 13.03.2018 06:31:40 ]: Data generated. Required time: 00:09:28.7629290
[ 13.03.2018 06:33:03 ]: 
Started
[ 13.03.2018 06:33:03 ]: Loading Sales Data...
[ 13.03.2018 06:34:03 ]: Loading Sales Data: done
[ 13.03.2018 06:34:03 ]: Loading Purchase Data...
[ 13.03.2018 06:34:30 ]: Loading Purchase Data: done
[ 13.03.2018 06:34:30 ]: Loading Production Data...
[ 13.03.2018 06:34:39 ]: Loading Production Data: done
[ 13.03.2018 06:34:39 ]: Loading Item Data...
[ 13.03.2018 06:47:40 ]: Loading Item Data: done
[ 13.03.2018 06:48:34 ]: Data generated. Required time: 00:15:30.6428484
[ 13.03.2018 07:33:08 ]: 
Started
[ 13.03.2018 07:33:08 ]: Loading Sales Data...
[ 13.03.2018 07:36:33 ]: Loading Sales Data: done
[ 13.03.2018 07:36:33 ]: Loading Purchase Data...
[ 13.03.2018 07:37:40 ]: Loading Purchase Data: done
[ 13.03.2018 07:37:40 ]: Loading Production Data...
[ 13.03.2018 07:37:55 ]: Loading Production Data: done
[ 13.03.2018 07:37:55 ]: Loading Item Data...
[ 13.03.2018 07:51:21 ]: Loading Item Data: done
[ 13.03.2018 07:51:57 ]: Data generated. Required time: 00:18:48.9434389
[ 13.03.2018 08:33:13 ]: 
Started
[ 13.03.2018 08:33:13 ]: Loading Sales Data...
[ 13.03.2018 08:34:24 ]: Loading Sales Data: done
[ 13.03.2018 08:34:24 ]: Loading Purchase Data...
[ 13.03.2018 08:34:55 ]: Loading Purchase Data: done
[ 13.03.2018 08:34:55 ]: Loading Production Data...
[ 13.03.2018 08:35:04 ]: Loading Production Data: done
[ 13.03.2018 08:35:04 ]: Loading Item Data...
[ 13.03.2018 08:44:01 ]: Loading Item Data: done
[ 13.03.2018 08:44:38 ]: Data generated. Required time: 00:11:24.4753168
[ 13.03.2018 09:33:13 ]: 
Started
[ 13.03.2018 09:33:13 ]: Loading Sales Data...
[ 13.03.2018 09:34:19 ]: Loading Sales Data: done
[ 13.03.2018 09:34:19 ]: Loading Purchase Data...
[ 13.03.2018 09:34:52 ]: Loading Purchase Data: done
[ 13.03.2018 09:34:52 ]: Loading Production Data...
[ 13.03.2018 09:35:02 ]: Loading Production Data: done
[ 13.03.2018 09:35:02 ]: Loading Item Data...
[ 13.03.2018 09:44:51 ]: Loading Item Data: done
[ 13.03.2018 09:45:31 ]: Data generated. Required time: 00:12:17.9404410
[ 13.03.2018 10:33:13 ]: 
Started
[ 13.03.2018 10:33:13 ]: Loading Sales Data...
[ 13.03.2018 10:34:09 ]: Loading Sales Data: done
[ 13.03.2018 10:34:09 ]: Loading Purchase Data...
[ 13.03.2018 10:34:24 ]: Loading Purchase Data: done
[ 13.03.2018 10:34:24 ]: Loading Production Data...
[ 13.03.2018 10:34:34 ]: Loading Production Data: done
[ 13.03.2018 10:34:34 ]: Loading Item Data...
[ 13.03.2018 10:44:05 ]: Loading Item Data: done
[ 13.03.2018 10:44:45 ]: Data generated. Required time: 00:11:31.4438706
[ 13.03.2018 11:33:14 ]: 
Started
[ 13.03.2018 11:33:14 ]: Loading Sales Data...
[ 13.03.2018 11:34:14 ]: Loading Sales Data: done
[ 13.03.2018 11:34:14 ]: Loading Purchase Data...
[ 13.03.2018 11:34:31 ]: Loading Purchase Data: done
[ 13.03.2018 11:34:31 ]: Loading Production Data...
[ 13.03.2018 11:34:40 ]: Loading Production Data: done
[ 13.03.2018 11:34:40 ]: Loading Item Data...
[ 13.03.2018 11:44:12 ]: Loading Item Data: done
[ 13.03.2018 11:44:52 ]: Data generated. Required time: 00:11:37.9970996
[ 13.03.2018 12:33:14 ]: 
Started
[ 13.03.2018 12:33:14 ]: Loading Sales Data...
[ 13.03.2018 12:34:09 ]: Loading Sales Data: done
[ 13.03.2018 12:34:09 ]: Loading Purchase Data...
[ 13.03.2018 12:34:28 ]: Loading Purchase Data: done
[ 13.03.2018 12:34:28 ]: Loading Production Data...
[ 13.03.2018 12:34:39 ]: Loading Production Data: done
[ 13.03.2018 12:34:39 ]: Loading Item Data...
[ 13.03.2018 12:44:17 ]: Loading Item Data: done
[ 13.03.2018 12:44:55 ]: Data generated. Required time: 00:11:41.4573760
[ 13.03.2018 13:33:14 ]: 
Started
[ 13.03.2018 13:33:14 ]: Loading Sales Data...
[ 13.03.2018 13:34:10 ]: Loading Sales Data: done
[ 13.03.2018 13:34:10 ]: Loading Purchase Data...
[ 13.03.2018 13:34:27 ]: Loading Purchase Data: done
[ 13.03.2018 13:34:27 ]: Loading Production Data...
[ 13.03.2018 13:34:36 ]: Loading Production Data: done
[ 13.03.2018 13:34:36 ]: Loading Item Data...
[ 13.03.2018 13:43:44 ]: Loading Item Data: done
[ 13.03.2018 13:44:23 ]: Data generated. Required time: 00:11:09.3247580
[ 13.03.2018 14:33:14 ]: 
Started
[ 13.03.2018 14:33:14 ]: Loading Sales Data...
[ 13.03.2018 14:34:34 ]: Loading Sales Data: done
[ 13.03.2018 14:34:34 ]: Loading Purchase Data...
[ 13.03.2018 14:35:04 ]: Loading Purchase Data: done
[ 13.03.2018 14:35:04 ]: Loading Production Data...
[ 13.03.2018 14:35:14 ]: Loading Production Data: done
[ 13.03.2018 14:35:14 ]: Loading Item Data...
[ 13.03.2018 14:45:25 ]: Loading Item Data: done
[ 13.03.2018 14:46:06 ]: Data generated. Required time: 00:12:52.1696304
[ 13.03.2018 15:33:14 ]: 
Started
[ 13.03.2018 15:33:14 ]: Loading Sales Data...
[ 13.03.2018 15:34:08 ]: Loading Sales Data: done
[ 13.03.2018 15:34:08 ]: Loading Purchase Data...
[ 13.03.2018 15:34:24 ]: Loading Purchase Data: done
[ 13.03.2018 15:34:24 ]: Loading Production Data...
[ 13.03.2018 15:34:34 ]: Loading Production Data: done
[ 13.03.2018 15:34:34 ]: Loading Item Data...
[ 13.03.2018 15:45:25 ]: Loading Item Data: done
[ 13.03.2018 15:46:28 ]: Data generated. Required time: 00:13:13.2905534
[ 13.03.2018 16:33:15 ]: 
Started
[ 13.03.2018 16:33:15 ]: Loading Sales Data...
[ 13.03.2018 16:34:30 ]: Loading Sales Data: done
[ 13.03.2018 16:34:30 ]: Loading Purchase Data...
[ 13.03.2018 16:34:48 ]: Loading Purchase Data: done
[ 13.03.2018 16:34:48 ]: Loading Production Data...
[ 13.03.2018 16:34:57 ]: Loading Production Data: done
[ 13.03.2018 16:34:57 ]: Loading Item Data...
[ 13.03.2018 16:44:33 ]: Loading Item Data: done
[ 13.03.2018 16:45:17 ]: Data generated. Required time: 00:12:02.0653074
[ 13.03.2018 17:33:14 ]: 
Started
[ 13.03.2018 17:33:14 ]: Loading Sales Data...
[ 13.03.2018 17:34:12 ]: Loading Sales Data: done
[ 13.03.2018 17:34:12 ]: Loading Purchase Data...
[ 13.03.2018 17:34:28 ]: Loading Purchase Data: done
[ 13.03.2018 17:34:28 ]: Loading Production Data...
[ 13.03.2018 17:34:36 ]: Loading Production Data: done
[ 13.03.2018 17:34:36 ]: Loading Item Data...
[ 13.03.2018 17:43:20 ]: Loading Item Data: done
[ 13.03.2018 17:43:56 ]: Data generated. Required time: 00:10:41.1903105
[ 14.03.2018 05:00:00 ]: 
Started
[ 14.03.2018 05:00:00 ]: Loading Sales Data...
[ 14.03.2018 05:00:59 ]: Loading Sales Data: done
[ 14.03.2018 05:00:59 ]: Loading Purchase Data...
[ 14.03.2018 05:01:14 ]: Loading Purchase Data: done
[ 14.03.2018 05:01:14 ]: Loading Production Data...
[ 14.03.2018 05:01:23 ]: Loading Production Data: done
[ 14.03.2018 05:01:23 ]: Loading Item Data...
[ 14.03.2018 05:10:23 ]: Loading Item Data: done
[ 14.03.2018 05:10:59 ]: Data generated. Required time: 00:10:58.9542461
[ 14.03.2018 06:00:00 ]: 
Started
[ 14.03.2018 06:00:00 ]: Loading Sales Data...
[ 14.03.2018 06:00:49 ]: Loading Sales Data: done
[ 14.03.2018 06:00:49 ]: Loading Purchase Data...
[ 14.03.2018 06:01:13 ]: Loading Purchase Data: done
[ 14.03.2018 06:01:13 ]: Loading Production Data...
[ 14.03.2018 06:01:21 ]: Loading Production Data: done
[ 14.03.2018 06:01:21 ]: Loading Item Data...
[ 14.03.2018 06:10:12 ]: Loading Item Data: done
[ 14.03.2018 06:10:48 ]: Data generated. Required time: 00:10:47.9164969
[ 14.03.2018 07:00:01 ]: 
Started
[ 14.03.2018 07:00:01 ]: Loading Sales Data...
[ 14.03.2018 07:00:58 ]: Loading Sales Data: done
[ 14.03.2018 07:00:58 ]: Loading Purchase Data...
[ 14.03.2018 07:01:16 ]: Loading Purchase Data: done
[ 14.03.2018 07:01:16 ]: Loading Production Data...
[ 14.03.2018 07:01:26 ]: Loading Production Data: done
[ 14.03.2018 07:01:26 ]: Loading Item Data...
[ 14.03.2018 07:11:29 ]: Loading Item Data: done
[ 14.03.2018 07:12:09 ]: Data generated. Required time: 00:12:08.7973074
[ 14.03.2018 08:00:00 ]: 
Started
[ 14.03.2018 08:00:00 ]: Loading Sales Data...
[ 14.03.2018 08:01:14 ]: Loading Sales Data: done
[ 14.03.2018 08:01:14 ]: Loading Purchase Data...
[ 14.03.2018 08:01:31 ]: Loading Purchase Data: done
[ 14.03.2018 08:01:31 ]: Loading Production Data...
[ 14.03.2018 08:01:41 ]: Loading Production Data: done
[ 14.03.2018 08:01:41 ]: Loading Item Data...
[ 14.03.2018 08:13:13 ]: Loading Item Data: done
[ 14.03.2018 08:13:57 ]: Data generated. Required time: 00:13:56.6315959
[ 14.03.2018 09:00:01 ]: 
Started
[ 14.03.2018 09:00:01 ]: Loading Sales Data...
[ 14.03.2018 09:01:14 ]: Loading Sales Data: done
[ 14.03.2018 09:01:14 ]: Loading Purchase Data...
[ 14.03.2018 09:01:34 ]: Loading Purchase Data: done
[ 14.03.2018 09:01:34 ]: Loading Production Data...
[ 14.03.2018 09:01:44 ]: Loading Production Data: done
[ 14.03.2018 09:01:44 ]: Loading Item Data...
[ 14.03.2018 09:11:35 ]: Loading Item Data: done
[ 14.03.2018 09:12:18 ]: Data generated. Required time: 00:12:17.0416078
[ 14.03.2018 10:00:01 ]: 
Started
[ 14.03.2018 10:00:01 ]: Loading Sales Data...
[ 14.03.2018 10:01:38 ]: Loading Sales Data: done
[ 14.03.2018 10:01:38 ]: Loading Purchase Data...
[ 14.03.2018 10:02:24 ]: Loading Purchase Data: done
[ 14.03.2018 10:02:24 ]: Loading Production Data...
[ 14.03.2018 10:02:35 ]: Loading Production Data: done
[ 14.03.2018 10:02:35 ]: Loading Item Data...
[ 14.03.2018 10:12:45 ]: Loading Item Data: done
[ 14.03.2018 10:13:27 ]: Data generated. Required time: 00:13:25.8512123
[ 14.03.2018 11:00:01 ]: 
Started
[ 14.03.2018 11:00:01 ]: Loading Sales Data...
[ 14.03.2018 11:01:14 ]: Loading Sales Data: done
[ 14.03.2018 11:01:14 ]: Loading Purchase Data...
[ 14.03.2018 11:01:33 ]: Loading Purchase Data: done
[ 14.03.2018 11:01:33 ]: Loading Production Data...
[ 14.03.2018 11:01:43 ]: Loading Production Data: done
[ 14.03.2018 11:01:43 ]: Loading Item Data...
[ 14.03.2018 11:11:32 ]: Loading Item Data: done
[ 14.03.2018 11:12:14 ]: Data generated. Required time: 00:12:13.0087684
[ 14.03.2018 12:00:01 ]: 
Started
[ 14.03.2018 12:00:01 ]: Loading Sales Data...
[ 14.03.2018 12:01:06 ]: Loading Sales Data: done
[ 14.03.2018 12:01:06 ]: Loading Purchase Data...
[ 14.03.2018 12:01:27 ]: Loading Purchase Data: done
[ 14.03.2018 12:01:27 ]: Loading Production Data...
[ 14.03.2018 12:01:38 ]: Loading Production Data: done
[ 14.03.2018 12:01:38 ]: Loading Item Data...
[ 14.03.2018 12:11:44 ]: Loading Item Data: done
[ 14.03.2018 12:12:26 ]: Data generated. Required time: 00:12:24.6265857
[ 14.03.2018 13:00:01 ]: 
Started
[ 14.03.2018 13:00:01 ]: Loading Sales Data...
[ 14.03.2018 13:01:46 ]: Loading Sales Data: done
[ 14.03.2018 13:01:46 ]: Loading Purchase Data...
[ 14.03.2018 13:02:48 ]: Loading Purchase Data: done
[ 14.03.2018 13:02:48 ]: Loading Production Data...
[ 14.03.2018 13:02:58 ]: Loading Production Data: done
[ 14.03.2018 13:02:58 ]: Loading Item Data...
[ 14.03.2018 13:13:09 ]: Loading Item Data: done
[ 14.03.2018 13:13:50 ]: Data generated. Required time: 00:13:49.0268866
[ 14.03.2018 14:00:01 ]: 
Started
[ 14.03.2018 14:00:01 ]: Loading Sales Data...
[ 14.03.2018 14:02:00 ]: Loading Sales Data: done
[ 14.03.2018 14:02:00 ]: Loading Purchase Data...
[ 14.03.2018 14:02:44 ]: Loading Purchase Data: done
[ 14.03.2018 14:02:44 ]: Loading Production Data...
[ 14.03.2018 14:02:56 ]: Loading Production Data: done
[ 14.03.2018 14:02:56 ]: Loading Item Data...
[ 14.03.2018 14:13:13 ]: Loading Item Data: done
[ 14.03.2018 14:13:53 ]: Data generated. Required time: 00:13:51.1944995
[ 14.03.2018 15:00:01 ]: 
Started
[ 14.03.2018 15:00:01 ]: Loading Sales Data...
[ 14.03.2018 15:01:34 ]: Loading Sales Data: done
[ 14.03.2018 15:01:34 ]: Loading Purchase Data...
[ 14.03.2018 15:02:16 ]: Loading Purchase Data: done
[ 14.03.2018 15:02:16 ]: Loading Production Data...
[ 14.03.2018 15:02:28 ]: Loading Production Data: done
[ 14.03.2018 15:02:28 ]: Loading Item Data...
[ 14.03.2018 15:13:41 ]: Loading Item Data: done
[ 14.03.2018 15:14:27 ]: Data generated. Required time: 00:14:25.2296481
[ 14.03.2018 16:00:02 ]: 
Started
[ 14.03.2018 16:00:02 ]: Loading Sales Data...
[ 14.03.2018 16:00:53 ]: Loading Sales Data: done
[ 14.03.2018 16:00:53 ]: Loading Purchase Data...
[ 14.03.2018 16:01:11 ]: Loading Purchase Data: done
[ 14.03.2018 16:01:11 ]: Loading Production Data...
[ 14.03.2018 16:01:23 ]: Loading Production Data: done
[ 14.03.2018 16:01:23 ]: Loading Item Data...
[ 14.03.2018 16:11:54 ]: Loading Item Data: done
[ 14.03.2018 16:12:42 ]: Data generated. Required time: 00:12:40.4217901
[ 14.03.2018 17:00:02 ]: 
Started
[ 14.03.2018 17:00:02 ]: Loading Sales Data...
[ 14.03.2018 17:00:51 ]: Loading Sales Data: done
[ 14.03.2018 17:00:51 ]: Loading Purchase Data...
[ 14.03.2018 17:01:10 ]: Loading Purchase Data: done
[ 14.03.2018 17:01:10 ]: Loading Production Data...
[ 14.03.2018 17:01:19 ]: Loading Production Data: done
[ 14.03.2018 17:01:19 ]: Loading Item Data...
[ 14.03.2018 17:11:05 ]: Loading Item Data: done
[ 14.03.2018 17:11:46 ]: Data generated. Required time: 00:11:43.3730331
[ 15.03.2018 01:00:00 ]: 
Started
[ 15.03.2018 01:00:00 ]: Loading Sales Data...
[ 15.03.2018 01:02:10 ]: Loading Sales Data: done
[ 15.03.2018 01:02:10 ]: Loading Purchase Data...
[ 15.03.2018 01:02:50 ]: Loading Purchase Data: done
[ 15.03.2018 01:02:50 ]: Loading Production Data...
[ 15.03.2018 01:03:01 ]: Loading Production Data: done
[ 15.03.2018 01:03:01 ]: Loading Item Data...
[ 15.03.2018 01:14:41 ]: Loading Item Data: done
[ 15.03.2018 01:15:22 ]: Data generated. Required time: 00:15:21.8126457
[ 15.03.2018 02:00:00 ]: 
Started
[ 15.03.2018 02:00:00 ]: Loading Sales Data...
[ 15.03.2018 02:01:57 ]: Loading Sales Data: done
[ 15.03.2018 02:01:57 ]: Loading Purchase Data...
[ 15.03.2018 02:02:41 ]: Loading Purchase Data: done
[ 15.03.2018 02:02:41 ]: Loading Production Data...
[ 15.03.2018 02:02:52 ]: Loading Production Data: done
[ 15.03.2018 02:02:52 ]: Loading Item Data...
[ 15.03.2018 02:14:26 ]: Loading Item Data: done
[ 15.03.2018 02:15:07 ]: Data generated. Required time: 00:15:06.5294566
[ 15.03.2018 03:00:00 ]: 
Started
[ 15.03.2018 03:00:00 ]: Loading Sales Data...
[ 15.03.2018 03:00:59 ]: Loading Sales Data: done
[ 15.03.2018 03:00:59 ]: Loading Purchase Data...
[ 15.03.2018 03:01:16 ]: Loading Purchase Data: done
[ 15.03.2018 03:01:16 ]: Loading Production Data...
[ 15.03.2018 03:01:25 ]: Loading Production Data: done
[ 15.03.2018 03:01:25 ]: Loading Item Data...
[ 15.03.2018 03:11:12 ]: Loading Item Data: done
[ 15.03.2018 03:11:53 ]: Data generated. Required time: 00:11:52.6303873
[ 15.03.2018 04:00:00 ]: 
Started
[ 15.03.2018 04:00:00 ]: Loading Sales Data...
[ 15.03.2018 04:00:49 ]: Loading Sales Data: done
[ 15.03.2018 04:00:49 ]: Loading Purchase Data...
[ 15.03.2018 04:01:06 ]: Loading Purchase Data: done
[ 15.03.2018 04:01:06 ]: Loading Production Data...
[ 15.03.2018 04:01:15 ]: Loading Production Data: done
[ 15.03.2018 04:01:15 ]: Loading Item Data...
[ 15.03.2018 04:11:01 ]: Loading Item Data: done
[ 15.03.2018 04:11:42 ]: Data generated. Required time: 00:11:41.3231251
[ 15.03.2018 05:00:00 ]: 
Started
[ 15.03.2018 05:00:00 ]: Loading Sales Data...
[ 15.03.2018 05:00:49 ]: Loading Sales Data: done
[ 15.03.2018 05:00:49 ]: Loading Purchase Data...
[ 15.03.2018 05:01:12 ]: Loading Purchase Data: done
[ 15.03.2018 05:01:12 ]: Loading Production Data...
[ 15.03.2018 05:01:21 ]: Loading Production Data: done
[ 15.03.2018 05:01:21 ]: Loading Item Data...
[ 15.03.2018 05:11:05 ]: Loading Item Data: done
[ 15.03.2018 05:11:45 ]: Data generated. Required time: 00:11:44.5729915
[ 15.03.2018 06:00:01 ]: 
Started
[ 15.03.2018 06:00:01 ]: Loading Sales Data...
[ 15.03.2018 06:00:49 ]: Loading Sales Data: done
[ 15.03.2018 06:00:49 ]: Loading Purchase Data...
[ 15.03.2018 06:01:04 ]: Loading Purchase Data: done
[ 15.03.2018 06:01:04 ]: Loading Production Data...
[ 15.03.2018 06:01:13 ]: Loading Production Data: done
[ 15.03.2018 06:01:13 ]: Loading Item Data...
[ 15.03.2018 06:10:57 ]: Loading Item Data: done
[ 15.03.2018 06:11:38 ]: Data generated. Required time: 00:11:36.9565006
[ 15.03.2018 07:00:01 ]: 
Started
[ 15.03.2018 07:00:01 ]: Loading Sales Data...
[ 15.03.2018 07:01:09 ]: Loading Sales Data: done
[ 15.03.2018 07:01:09 ]: Loading Purchase Data...
[ 15.03.2018 07:01:30 ]: Loading Purchase Data: done
[ 15.03.2018 07:01:30 ]: Loading Production Data...
[ 15.03.2018 07:01:39 ]: Loading Production Data: done
[ 15.03.2018 07:01:39 ]: Loading Item Data...
[ 15.03.2018 07:10:58 ]: Loading Item Data: done
[ 15.03.2018 07:11:35 ]: Data generated. Required time: 00:11:34.6088377
[ 15.03.2018 08:00:01 ]: 
Started
[ 15.03.2018 08:00:01 ]: Loading Sales Data...
[ 15.03.2018 08:00:55 ]: Loading Sales Data: done
[ 15.03.2018 08:00:55 ]: Loading Purchase Data...
[ 15.03.2018 08:01:19 ]: Loading Purchase Data: done
[ 15.03.2018 08:01:19 ]: Loading Production Data...
[ 15.03.2018 08:01:27 ]: Loading Production Data: done
[ 15.03.2018 08:01:27 ]: Loading Item Data...
[ 15.03.2018 08:11:03 ]: Loading Item Data: done
[ 15.03.2018 08:11:43 ]: Data generated. Required time: 00:11:42.2115313
[ 15.03.2018 09:00:01 ]: 
Started
[ 15.03.2018 09:00:01 ]: Loading Sales Data...
[ 15.03.2018 09:01:50 ]: Loading Sales Data: done
[ 15.03.2018 09:01:50 ]: Loading Purchase Data...
[ 15.03.2018 09:02:32 ]: Loading Purchase Data: done
[ 15.03.2018 09:02:32 ]: Loading Production Data...
[ 15.03.2018 09:02:42 ]: Loading Production Data: done
[ 15.03.2018 09:02:42 ]: Loading Item Data...
[ 15.03.2018 09:12:35 ]: Loading Item Data: done
[ 15.03.2018 09:13:15 ]: Data generated. Required time: 00:13:13.8938957
[ 15.03.2018 10:00:01 ]: 
Started
[ 15.03.2018 10:00:01 ]: Loading Sales Data...
[ 15.03.2018 10:00:57 ]: Loading Sales Data: done
[ 15.03.2018 10:00:57 ]: Loading Purchase Data...
[ 15.03.2018 10:01:16 ]: Loading Purchase Data: done
[ 15.03.2018 10:01:16 ]: Loading Production Data...
[ 15.03.2018 10:01:25 ]: Loading Production Data: done
[ 15.03.2018 10:01:25 ]: Loading Item Data...
[ 15.03.2018 10:11:09 ]: Loading Item Data: done
[ 15.03.2018 10:11:48 ]: Data generated. Required time: 00:11:46.3944576
[ 15.03.2018 11:00:01 ]: 
Started
[ 15.03.2018 11:00:02 ]: Loading Sales Data...
[ 15.03.2018 11:01:14 ]: Loading Sales Data: done
[ 15.03.2018 11:01:14 ]: Loading Purchase Data...
[ 15.03.2018 11:01:31 ]: Loading Purchase Data: done
[ 15.03.2018 11:01:31 ]: Loading Production Data...
[ 15.03.2018 11:01:40 ]: Loading Production Data: done
[ 15.03.2018 11:01:40 ]: Loading Item Data...
[ 15.03.2018 11:11:54 ]: Loading Item Data: done
[ 15.03.2018 11:12:33 ]: Data generated. Required time: 00:12:31.1608841
[ 15.03.2018 12:00:02 ]: 
Started
[ 15.03.2018 12:00:02 ]: Loading Sales Data...
[ 15.03.2018 12:01:03 ]: Loading Sales Data: done
[ 15.03.2018 12:01:03 ]: Loading Purchase Data...
[ 15.03.2018 12:01:22 ]: Loading Purchase Data: done
[ 15.03.2018 12:01:22 ]: Loading Production Data...
[ 15.03.2018 12:01:31 ]: Loading Production Data: done
[ 15.03.2018 12:01:31 ]: Loading Item Data...
[ 15.03.2018 12:11:23 ]: Loading Item Data: done
[ 15.03.2018 12:12:03 ]: Data generated. Required time: 00:12:01.4942351
[ 15.03.2018 13:00:02 ]: 
Started
[ 15.03.2018 13:00:02 ]: Loading Sales Data...
[ 15.03.2018 13:01:00 ]: Loading Sales Data: done
[ 15.03.2018 13:01:00 ]: Loading Purchase Data...
[ 15.03.2018 13:01:20 ]: Loading Purchase Data: done
[ 15.03.2018 13:01:20 ]: Loading Production Data...
[ 15.03.2018 13:01:28 ]: Loading Production Data: done
[ 15.03.2018 13:01:28 ]: Loading Item Data...
[ 15.03.2018 13:11:54 ]: Loading Item Data: done
[ 15.03.2018 13:12:35 ]: Data generated. Required time: 00:12:33.0296828
[ 15.03.2018 14:00:02 ]: 
Started
[ 15.03.2018 14:00:02 ]: Loading Sales Data...
[ 15.03.2018 14:01:14 ]: Loading Sales Data: done
[ 15.03.2018 14:01:14 ]: Loading Purchase Data...
[ 15.03.2018 14:01:40 ]: Loading Purchase Data: done
[ 15.03.2018 14:01:40 ]: Loading Production Data...
[ 15.03.2018 14:01:48 ]: Loading Production Data: done
[ 15.03.2018 14:01:48 ]: Loading Item Data...
[ 15.03.2018 14:12:53 ]: Loading Item Data: done
[ 15.03.2018 14:13:33 ]: Data generated. Required time: 00:13:31.4476443
[ 15.03.2018 15:00:02 ]: 
Started
[ 15.03.2018 15:00:02 ]: Loading Sales Data...
[ 15.03.2018 15:01:16 ]: Loading Sales Data: done
[ 15.03.2018 15:01:16 ]: Loading Purchase Data...
[ 15.03.2018 15:01:34 ]: Loading Purchase Data: done
[ 15.03.2018 15:01:34 ]: Loading Production Data...
[ 15.03.2018 15:01:42 ]: Loading Production Data: done
[ 15.03.2018 15:01:42 ]: Loading Item Data...
[ 15.03.2018 15:11:36 ]: Loading Item Data: done
[ 15.03.2018 15:12:18 ]: Data generated. Required time: 00:12:15.6582051
[ 15.03.2018 16:00:02 ]: 
Started
[ 15.03.2018 16:00:02 ]: Loading Sales Data...
[ 15.03.2018 16:01:04 ]: Loading Sales Data: done
[ 15.03.2018 16:01:04 ]: Loading Purchase Data...
[ 15.03.2018 16:01:24 ]: Loading Purchase Data: done
[ 15.03.2018 16:01:24 ]: Loading Production Data...
[ 15.03.2018 16:01:34 ]: Loading Production Data: done
[ 15.03.2018 16:01:34 ]: Loading Item Data...
[ 15.03.2018 16:11:33 ]: Loading Item Data: done
[ 15.03.2018 16:12:14 ]: Data generated. Required time: 00:12:12.2647073
[ 15.03.2018 17:00:02 ]: 
Started
[ 15.03.2018 17:00:02 ]: Loading Sales Data...
[ 15.03.2018 17:00:52 ]: Loading Sales Data: done
[ 15.03.2018 17:00:52 ]: Loading Purchase Data...
[ 15.03.2018 17:01:12 ]: Loading Purchase Data: done
[ 15.03.2018 17:01:12 ]: Loading Production Data...
[ 15.03.2018 17:01:20 ]: Loading Production Data: done
[ 15.03.2018 17:01:20 ]: Loading Item Data...
[ 15.03.2018 17:10:42 ]: Loading Item Data: done
[ 15.03.2018 17:11:19 ]: Data generated. Required time: 00:11:16.3828964
[ 16.03.2018 00:59:59 ]: 
Started
[ 16.03.2018 00:59:59 ]: Loading Sales Data...
[ 16.03.2018 01:02:01 ]: Loading Sales Data: done
[ 16.03.2018 01:02:01 ]: Loading Purchase Data...
[ 16.03.2018 01:02:42 ]: Loading Purchase Data: done
[ 16.03.2018 01:02:42 ]: Loading Production Data...
[ 16.03.2018 01:02:51 ]: Loading Production Data: done
[ 16.03.2018 01:02:51 ]: Loading Item Data...
[ 16.03.2018 01:13:58 ]: Loading Item Data: done
[ 16.03.2018 01:14:35 ]: Data generated. Required time: 00:14:36.0306639
[ 16.03.2018 02:00:01 ]: 
Started
[ 16.03.2018 02:00:01 ]: Loading Sales Data...
[ 16.03.2018 02:02:04 ]: Loading Sales Data: done
[ 16.03.2018 02:02:04 ]: Loading Purchase Data...
[ 16.03.2018 02:02:49 ]: Loading Purchase Data: done
[ 16.03.2018 02:02:49 ]: Loading Production Data...
[ 16.03.2018 02:02:58 ]: Loading Production Data: done
[ 16.03.2018 02:02:58 ]: Loading Item Data...
[ 16.03.2018 02:14:06 ]: Loading Item Data: done
[ 16.03.2018 02:14:43 ]: Data generated. Required time: 00:14:41.3841507
[ 16.03.2018 03:00:02 ]: 
Started
[ 16.03.2018 03:00:02 ]: Loading Sales Data...
[ 16.03.2018 03:01:01 ]: Loading Sales Data: done
[ 16.03.2018 03:01:01 ]: Loading Purchase Data...
[ 16.03.2018 03:01:16 ]: Loading Purchase Data: done
[ 16.03.2018 03:01:16 ]: Loading Production Data...
[ 16.03.2018 03:01:24 ]: Loading Production Data: done
[ 16.03.2018 03:01:24 ]: Loading Item Data...
[ 16.03.2018 03:10:45 ]: Loading Item Data: done
[ 16.03.2018 03:11:22 ]: Data generated. Required time: 00:11:20.7681101
[ 16.03.2018 04:00:02 ]: 
Started
[ 16.03.2018 04:00:02 ]: Loading Sales Data...
[ 16.03.2018 04:00:50 ]: Loading Sales Data: done
[ 16.03.2018 04:00:50 ]: Loading Purchase Data...
[ 16.03.2018 04:01:05 ]: Loading Purchase Data: done
[ 16.03.2018 04:01:05 ]: Loading Production Data...
[ 16.03.2018 04:01:13 ]: Loading Production Data: done
[ 16.03.2018 04:01:13 ]: Loading Item Data...
[ 16.03.2018 04:10:28 ]: Loading Item Data: done
[ 16.03.2018 04:11:05 ]: Data generated. Required time: 00:11:03.6953663
[ 16.03.2018 05:00:02 ]: 
Started
[ 16.03.2018 05:00:02 ]: Loading Sales Data...
[ 16.03.2018 05:00:52 ]: Loading Sales Data: done
[ 16.03.2018 05:00:52 ]: Loading Purchase Data...
[ 16.03.2018 05:01:14 ]: Loading Purchase Data: done
[ 16.03.2018 05:01:14 ]: Loading Production Data...
[ 16.03.2018 05:01:21 ]: Loading Production Data: done
[ 16.03.2018 05:01:21 ]: Loading Item Data...
[ 16.03.2018 05:10:36 ]: Loading Item Data: done
[ 16.03.2018 05:11:13 ]: Data generated. Required time: 00:11:11.0207632
[ 16.03.2018 06:00:02 ]: 
Started
[ 16.03.2018 06:00:02 ]: Loading Sales Data...
[ 16.03.2018 06:00:52 ]: Loading Sales Data: done
[ 16.03.2018 06:00:52 ]: Loading Purchase Data...
[ 16.03.2018 06:01:11 ]: Loading Purchase Data: done
[ 16.03.2018 06:01:11 ]: Loading Production Data...
[ 16.03.2018 06:01:19 ]: Loading Production Data: done
[ 16.03.2018 06:01:19 ]: Loading Item Data...
[ 16.03.2018 06:10:39 ]: Loading Item Data: done
[ 16.03.2018 06:11:16 ]: Data generated. Required time: 00:11:13.9017221
[ 16.03.2018 07:00:02 ]: 
Started
[ 16.03.2018 07:00:02 ]: Loading Sales Data...
[ 16.03.2018 07:01:03 ]: Loading Sales Data: done
[ 16.03.2018 07:01:03 ]: Loading Purchase Data...
[ 16.03.2018 07:01:24 ]: Loading Purchase Data: done
[ 16.03.2018 07:01:24 ]: Loading Production Data...
[ 16.03.2018 07:01:33 ]: Loading Production Data: done
[ 16.03.2018 07:01:33 ]: Loading Item Data...
[ 16.03.2018 07:11:29 ]: Loading Item Data: done
[ 16.03.2018 07:12:12 ]: Data generated. Required time: 00:12:09.9428933
[ 16.03.2018 08:00:02 ]: 
Started
[ 16.03.2018 08:00:02 ]: Loading Sales Data...
[ 16.03.2018 08:00:56 ]: Loading Sales Data: done
[ 16.03.2018 08:00:56 ]: Loading Purchase Data...
[ 16.03.2018 08:01:16 ]: Loading Purchase Data: done
[ 16.03.2018 08:01:16 ]: Loading Production Data...
[ 16.03.2018 08:01:25 ]: Loading Production Data: done
[ 16.03.2018 08:01:25 ]: Loading Item Data...
[ 16.03.2018 08:08:18 ]: 
Started
[ 16.03.2018 08:08:18 ]: Loading Sales Data...
[ 16.03.2018 08:09:16 ]: Loading Sales Data: done
[ 16.03.2018 08:09:16 ]: Loading Purchase Data...
[ 16.03.2018 08:09:37 ]: Loading Purchase Data: done
[ 16.03.2018 08:09:37 ]: Loading Production Data...
[ 16.03.2018 08:09:47 ]: Loading Production Data: done
[ 16.03.2018 08:09:47 ]: Loading Item Data...
[ 16.03.2018 08:18:03 ]: Loading Item Data: done
[ 16.03.2018 08:19:09 ]: Data generated. Required time: 00:19:06.2537668
[ 16.03.2018 08:24:07 ]: Started - Connection String: DSN=Navision Frank-Live - Developer Mode: True
[ 16.03.2018 08:24:07 ]: Loading Sales Data...
[ 16.03.2018 08:24:26 ]: Started - Connection String: DSN=Navision Frank-Live - Developer Mode: False
[ 16.03.2018 08:24:27 ]: Loading Sales Data...
[ 16.03.2018 08:25:46 ]: Loading Sales Data: done
[ 16.03.2018 08:25:46 ]: Loading Purchase Data...
[ 16.03.2018 08:26:19 ]: Started - Connection String: DSN=Navision Frank-Backup - Developer Mode: True
[ 16.03.2018 08:26:19 ]: Loading Sales Data...
[ 16.03.2018 08:27:05 ]: Loading Sales Data: done
[ 16.03.2018 08:27:05 ]: Loading Purchase Data...
[ 16.03.2018 08:27:24 ]: Loading Purchase Data: done
[ 16.03.2018 08:27:24 ]: Loading Production Data...
[ 16.03.2018 08:27:56 ]: Loading Production Data: done
[ 16.03.2018 08:27:56 ]: Loading Item Data...
[ 16.03.2018 08:29:19 ]: Item AR2455 with parent AK0437: ParentInventory changed: 0 -> 3
[ 16.03.2018 08:29:19 ]: Item AR2454 with parent AR2455: ParentInventory changed: 0 -> 3
[ 16.03.2018 08:29:42 ]: Item AK0437 with parent AK0575: ParentInventory changed: 0 -> 1
[ 16.03.2018 08:29:42 ]: Item AR2455 with parent AK0437: ParentInventory changed: 3 -> 7
[ 16.03.2018 08:29:42 ]: Item AR2454 with parent AR2455: ParentInventory changed: 3 -> 7
[ 16.03.2018 08:44:34 ]: Loading Item Data: done
[ 16.03.2018 08:45:49 ]: Data generated. Required time: 00:19:29.7779851
[ 16.03.2018 09:23:32 ]: Started - Connection String: DSN=Navision Frank-Live - Developer Mode: False
[ 16.03.2018 09:23:32 ]: Loading Sales Data...
[ 16.03.2018 09:24:51 ]: Loading Sales Data: done
[ 16.03.2018 09:24:51 ]: Loading Purchase Data...
[ 16.03.2018 09:25:25 ]: Loading Purchase Data: done
[ 16.03.2018 09:25:25 ]: Loading Production Data...
[ 16.03.2018 09:25:34 ]: Loading Production Data: done
[ 16.03.2018 09:25:34 ]: Loading Item Data...
[ 16.03.2018 09:36:05 ]: Loading Item Data: done
[ 16.03.2018 09:36:48 ]: Data generated. Required time: 00:13:15.7969929
[ 16.03.2018 10:23:32 ]: Started - Connection String: DSN=Navision Frank-Live - Developer Mode: False
[ 16.03.2018 10:23:32 ]: Loading Sales Data...
[ 16.03.2018 10:24:36 ]: Loading Sales Data: done
[ 16.03.2018 10:24:36 ]: Loading Purchase Data...
[ 16.03.2018 10:24:57 ]: Loading Purchase Data: done
[ 16.03.2018 10:24:57 ]: Loading Production Data...
[ 16.03.2018 10:25:05 ]: Loading Production Data: done
[ 16.03.2018 10:25:05 ]: Loading Item Data...
[ 16.03.2018 10:35:13 ]: Loading Item Data: done
[ 16.03.2018 10:35:55 ]: Data generated. Required time: 00:12:23.0535987
[ 16.03.2018 11:23:32 ]: Started - Connection String: DSN=Navision Frank-Live - Developer Mode: False
[ 16.03.2018 11:23:32 ]: Loading Sales Data...
[ 16.03.2018 11:24:56 ]: Loading Sales Data: done
[ 16.03.2018 11:24:56 ]: Loading Purchase Data...
[ 16.03.2018 11:25:33 ]: Loading Purchase Data: done
[ 16.03.2018 11:25:33 ]: Loading Production Data...
[ 16.03.2018 11:25:41 ]: Loading Production Data: done
[ 16.03.2018 11:25:41 ]: Loading Item Data...
[ 16.03.2018 11:36:02 ]: Loading Item Data: done
[ 16.03.2018 11:36:43 ]: Data generated. Required time: 00:13:10.3657073
[ 16.03.2018 12:23:32 ]: Started - Connection String: DSN=Navision Frank-Live - Developer Mode: False
[ 16.03.2018 12:23:32 ]: Loading Sales Data...
[ 16.03.2018 12:24:45 ]: Loading Sales Data: done
[ 16.03.2018 12:24:45 ]: Loading Purchase Data...
[ 16.03.2018 12:25:04 ]: Loading Purchase Data: done
[ 16.03.2018 12:25:04 ]: Loading Production Data...
[ 16.03.2018 12:25:13 ]: Loading Production Data: done
[ 16.03.2018 12:25:13 ]: Loading Item Data...
[ 16.03.2018 12:35:16 ]: Loading Item Data: done
[ 16.03.2018 12:35:58 ]: Data generated. Required time: 00:12:26.0230347
[ 16.03.2018 13:23:33 ]: Started - Connection String: DSN=Navision Frank-Live - Developer Mode: False
[ 16.03.2018 13:23:33 ]: Loading Sales Data...
[ 16.03.2018 13:24:37 ]: Loading Sales Data: done
[ 16.03.2018 13:24:37 ]: Loading Purchase Data...
[ 16.03.2018 13:24:56 ]: Loading Purchase Data: done
[ 16.03.2018 13:24:56 ]: Loading Production Data...
[ 16.03.2018 13:25:04 ]: Loading Production Data: done
[ 16.03.2018 13:25:04 ]: Loading Item Data...
[ 16.03.2018 13:34:54 ]: Loading Item Data: done
[ 16.03.2018 13:35:34 ]: Data generated. Required time: 00:12:01.5117485
[ 16.03.2018 14:23:33 ]: Started - Connection String: DSN=Navision Frank-Live - Developer Mode: False
[ 16.03.2018 14:23:33 ]: Loading Sales Data...
[ 16.03.2018 14:24:40 ]: Loading Sales Data: done
[ 16.03.2018 14:24:40 ]: Loading Purchase Data...
[ 16.03.2018 14:24:58 ]: Loading Purchase Data: done
[ 16.03.2018 14:24:58 ]: Loading Production Data...
[ 16.03.2018 14:25:06 ]: Loading Production Data: done
[ 16.03.2018 14:25:06 ]: Loading Item Data...
[ 16.03.2018 14:34:54 ]: Loading Item Data: done
[ 16.03.2018 14:35:35 ]: Data generated. Required time: 00:12:02.4635600
[ 16.03.2018 15:23:33 ]: Started - Connection String: DSN=Navision Frank-Live - Developer Mode: False
[ 16.03.2018 15:23:33 ]: Loading Sales Data...
[ 16.03.2018 15:24:37 ]: Loading Sales Data: done
[ 16.03.2018 15:24:37 ]: Loading Purchase Data...
[ 16.03.2018 15:24:55 ]: Loading Purchase Data: done
[ 16.03.2018 15:24:55 ]: Loading Production Data...
[ 16.03.2018 15:25:04 ]: Loading Production Data: done
[ 16.03.2018 15:25:04 ]: Loading Item Data...
[ 16.03.2018 15:35:12 ]: Loading Item Data: done
[ 16.03.2018 15:35:55 ]: Data generated. Required time: 00:12:21.9556943
[ 16.03.2018 16:23:33 ]: Started - Connection String: DSN=Navision Frank-Live - Developer Mode: False
[ 16.03.2018 16:23:33 ]: Loading Sales Data...
[ 16.03.2018 16:24:24 ]: Loading Sales Data: done
[ 16.03.2018 16:24:24 ]: Loading Purchase Data...
[ 16.03.2018 16:24:52 ]: Loading Purchase Data: done
[ 16.03.2018 16:24:52 ]: Loading Production Data...
[ 16.03.2018 16:25:01 ]: Loading Production Data: done
[ 16.03.2018 16:25:01 ]: Loading Item Data...
[ 16.03.2018 16:34:59 ]: Loading Item Data: done
[ 16.03.2018 16:35:39 ]: Data generated. Required time: 00:12:06.2181062
[ 16.03.2018 17:23:33 ]: Started - Connection String: DSN=Navision Frank-Live - Developer Mode: False
[ 16.03.2018 17:23:33 ]: Loading Sales Data...
[ 16.03.2018 17:24:37 ]: Loading Sales Data: done
[ 16.03.2018 17:24:37 ]: Loading Purchase Data...
[ 16.03.2018 17:24:56 ]: Loading Purchase Data: done
[ 16.03.2018 17:24:56 ]: Loading Production Data...
[ 16.03.2018 17:25:05 ]: Loading Production Data: done
[ 16.03.2018 17:25:05 ]: Loading Item Data...
[ 16.03.2018 17:35:39 ]: Loading Item Data: done
[ 16.03.2018 17:36:35 ]: Data generated. Required time: 00:13:01.8471761
[ 17.03.2018 05:00:00 ]: Started - Connection String: DSN=Navision Frank-Live - Developer Mode: False
[ 17.03.2018 05:00:00 ]: Loading Sales Data...
[ 17.03.2018 05:00:59 ]: Loading Sales Data: done
[ 17.03.2018 05:00:59 ]: Loading Purchase Data...
[ 17.03.2018 05:01:16 ]: Loading Purchase Data: done
[ 17.03.2018 05:01:16 ]: Loading Production Data...
[ 17.03.2018 05:01:24 ]: Loading Production Data: done
[ 17.03.2018 05:01:24 ]: Loading Item Data...
[ 17.03.2018 05:10:45 ]: Loading Item Data: done
[ 17.03.2018 05:11:22 ]: Data generated. Required time: 00:11:21.7477182
[ 17.03.2018 06:00:00 ]: Started - Connection String: DSN=Navision Frank-Live - Developer Mode: False
[ 17.03.2018 06:00:00 ]: Loading Sales Data...
[ 17.03.2018 06:00:53 ]: Loading Sales Data: done
[ 17.03.2018 06:00:53 ]: Loading Purchase Data...
[ 17.03.2018 06:01:11 ]: Loading Purchase Data: done
[ 17.03.2018 06:01:11 ]: Loading Production Data...
[ 17.03.2018 06:01:19 ]: Loading Production Data: done
[ 17.03.2018 06:01:19 ]: Loading Item Data...
[ 17.03.2018 06:10:31 ]: Loading Item Data: done
[ 17.03.2018 06:11:08 ]: Data generated. Required time: 00:11:08.0546566
[ 17.03.2018 07:00:00 ]: Started - Connection String: DSN=Navision Frank-Live - Developer Mode: False
[ 17.03.2018 07:00:00 ]: Loading Sales Data...
[ 17.03.2018 07:00:52 ]: Loading Sales Data: done
[ 17.03.2018 07:00:52 ]: Loading Purchase Data...
[ 17.03.2018 07:01:12 ]: Loading Purchase Data: done
[ 17.03.2018 07:01:12 ]: Loading Production Data...
[ 17.03.2018 07:01:20 ]: Loading Production Data: done
[ 17.03.2018 07:01:20 ]: Loading Item Data...
[ 17.03.2018 07:10:21 ]: Loading Item Data: done
[ 17.03.2018 07:10:58 ]: Data generated. Required time: 00:10:57.6353894
[ 17.03.2018 08:00:01 ]: Started - Connection String: DSN=Navision Frank-Live - Developer Mode: False
[ 17.03.2018 08:00:01 ]: Loading Sales Data...
[ 17.03.2018 08:00:53 ]: Loading Sales Data: done
[ 17.03.2018 08:00:53 ]: Loading Purchase Data...
[ 17.03.2018 08:01:12 ]: Loading Purchase Data: done
[ 17.03.2018 08:01:12 ]: Loading Production Data...
[ 17.03.2018 08:01:21 ]: Loading Production Data: done
[ 17.03.2018 08:01:21 ]: Loading Item Data...
[ 17.03.2018 08:10:34 ]: Loading Item Data: done
[ 17.03.2018 08:11:11 ]: Data generated. Required time: 00:11:10.2107008
[ 17.03.2018 09:00:01 ]: Started - Connection String: DSN=Navision Frank-Live - Developer Mode: False
[ 17.03.2018 09:00:01 ]: Loading Sales Data...
[ 17.03.2018 09:00:54 ]: Loading Sales Data: done
[ 17.03.2018 09:00:54 ]: Loading Purchase Data...
[ 17.03.2018 09:01:14 ]: Loading Purchase Data: done
[ 17.03.2018 09:01:14 ]: Loading Production Data...
[ 17.03.2018 09:01:22 ]: Loading Production Data: done
[ 17.03.2018 09:01:22 ]: Loading Item Data...
[ 17.03.2018 09:10:26 ]: Loading Item Data: done
[ 17.03.2018 09:11:03 ]: Data generated. Required time: 00:11:01.7126439
[ 17.03.2018 10:00:01 ]: Started - Connection String: DSN=Navision Frank-Live - Developer Mode: False
[ 17.03.2018 10:00:01 ]: Loading Sales Data...
[ 17.03.2018 10:00:54 ]: Loading Sales Data: done
[ 17.03.2018 10:00:54 ]: Loading Purchase Data...
[ 17.03.2018 10:01:14 ]: Loading Purchase Data: done
[ 17.03.2018 10:01:14 ]: Loading Production Data...
[ 17.03.2018 10:01:23 ]: Loading Production Data: done
[ 17.03.2018 10:01:23 ]: Loading Item Data...
[ 17.03.2018 10:10:37 ]: Loading Item Data: done
[ 17.03.2018 10:11:14 ]: Data generated. Required time: 00:11:13.0685749
[ 17.03.2018 11:00:02 ]: Started - Connection String: DSN=Navision Frank-Live - Developer Mode: False
[ 17.03.2018 11:00:02 ]: Loading Sales Data...
[ 17.03.2018 11:00:54 ]: Loading Sales Data: done
[ 17.03.2018 11:00:54 ]: Loading Purchase Data...
[ 17.03.2018 11:01:14 ]: Loading Purchase Data: done
[ 17.03.2018 11:01:14 ]: Loading Production Data...
[ 17.03.2018 11:01:22 ]: Loading Production Data: done
[ 17.03.2018 11:01:22 ]: Loading Item Data...
[ 17.03.2018 11:10:40 ]: Loading Item Data: done
[ 17.03.2018 11:11:17 ]: Data generated. Required time: 00:11:15.5998904
[ 17.03.2018 12:00:01 ]: Started - Connection String: DSN=Navision Frank-Live - Developer Mode: False
[ 17.03.2018 12:00:01 ]: Loading Sales Data...
[ 17.03.2018 12:00:49 ]: Loading Sales Data: done
[ 17.03.2018 12:00:49 ]: Loading Purchase Data...
[ 17.03.2018 12:01:08 ]: Loading Purchase Data: done
[ 17.03.2018 12:01:08 ]: Loading Production Data...
[ 17.03.2018 12:01:16 ]: Loading Production Data: done
[ 17.03.2018 12:01:16 ]: Loading Item Data...
[ 17.03.2018 12:10:34 ]: Loading Item Data: done
[ 17.03.2018 12:11:11 ]: Data generated. Required time: 00:11:10.2245028
[ 17.03.2018 13:00:01 ]: Started - Connection String: DSN=Navision Frank-Live - Developer Mode: False
[ 17.03.2018 13:00:01 ]: Loading Sales Data...
[ 17.03.2018 13:00:53 ]: Loading Sales Data: done
[ 17.03.2018 13:00:53 ]: Loading Purchase Data...
[ 17.03.2018 13:01:11 ]: Loading Purchase Data: done
[ 17.03.2018 13:01:11 ]: Loading Production Data...
[ 17.03.2018 13:01:19 ]: Loading Production Data: done
[ 17.03.2018 13:01:19 ]: Loading Item Data...
[ 17.03.2018 13:10:34 ]: Loading Item Data: done
[ 17.03.2018 13:11:11 ]: Data generated. Required time: 00:11:10.4427705
[ 17.03.2018 14:00:01 ]: Started - Connection String: DSN=Navision Frank-Live - Developer Mode: False
[ 17.03.2018 14:00:01 ]: Loading Sales Data...
[ 17.03.2018 14:01:59 ]: Loading Sales Data: done
[ 17.03.2018 14:01:59 ]: Loading Purchase Data...
[ 17.03.2018 14:02:40 ]: Loading Purchase Data: done
[ 17.03.2018 14:02:40 ]: Loading Production Data...
[ 17.03.2018 14:02:49 ]: Loading Production Data: done
[ 17.03.2018 14:02:49 ]: Loading Item Data...
[ 17.03.2018 14:14:02 ]: Loading Item Data: done
[ 17.03.2018 14:14:40 ]: Data generated. Required time: 00:14:38.5900113
[ 17.03.2018 15:00:01 ]: Started - Connection String: DSN=Navision Frank-Live - Developer Mode: False
[ 17.03.2018 15:00:01 ]: Loading Sales Data...
[ 17.03.2018 15:02:06 ]: Loading Sales Data: done
[ 17.03.2018 15:02:06 ]: Loading Purchase Data...
[ 17.03.2018 15:02:53 ]: Loading Purchase Data: done
[ 17.03.2018 15:02:53 ]: Loading Production Data...
[ 17.03.2018 15:03:02 ]: Loading Production Data: done
[ 17.03.2018 15:03:02 ]: Loading Item Data...
[ 17.03.2018 15:14:00 ]: Loading Item Data: done
[ 17.03.2018 15:14:37 ]: Data generated. Required time: 00:14:36.1774641
[ 17.03.2018 16:00:01 ]: Started - Connection String: DSN=Navision Frank-Live - Developer Mode: False
[ 17.03.2018 16:00:01 ]: Loading Sales Data...
[ 17.03.2018 16:02:10 ]: Loading Sales Data: done
[ 17.03.2018 16:02:10 ]: Loading Purchase Data...
[ 17.03.2018 16:02:55 ]: Loading Purchase Data: done
[ 17.03.2018 16:02:55 ]: Loading Production Data...
[ 17.03.2018 16:03:04 ]: Loading Production Data: done
[ 17.03.2018 16:03:04 ]: Loading Item Data...
[ 17.03.2018 16:14:01 ]: Loading Item Data: done
[ 17.03.2018 16:14:39 ]: Data generated. Required time: 00:14:37.1659082
[ 17.03.2018 17:00:02 ]: Started - Connection String: DSN=Navision Frank-Live - Developer Mode: False
[ 17.03.2018 17:00:02 ]: Loading Sales Data...
[ 17.03.2018 17:01:06 ]: Loading Sales Data: done
[ 17.03.2018 17:01:06 ]: Loading Purchase Data...
[ 17.03.2018 17:01:24 ]: Loading Purchase Data: done
[ 17.03.2018 17:01:24 ]: Loading Production Data...
[ 17.03.2018 17:01:32 ]: Loading Production Data: done
[ 17.03.2018 17:01:32 ]: Loading Item Data...
[ 17.03.2018 17:10:46 ]: Loading Item Data: done
[ 17.03.2018 17:11:23 ]: Data generated. Required time: 00:11:21.3902062
[ 18.03.2018 01:00:00 ]: Started - Connection String: DSN=Navision Frank-Live - Developer Mode: False
[ 18.03.2018 01:00:00 ]: Loading Sales Data...
[ 18.03.2018 01:02:14 ]: Loading Sales Data: done
[ 18.03.2018 01:02:14 ]: Loading Purchase Data...
[ 18.03.2018 01:02:56 ]: Loading Purchase Data: done
[ 18.03.2018 01:02:56 ]: Loading Production Data...
[ 18.03.2018 01:03:06 ]: Loading Production Data: done
[ 18.03.2018 01:03:06 ]: Loading Item Data...
[ 18.03.2018 01:14:10 ]: Loading Item Data: done
[ 18.03.2018 01:14:47 ]: Data generated. Required time: 00:14:47.6544471
[ 18.03.2018 02:00:00 ]: Started - Connection String: DSN=Navision Frank-Live - Developer Mode: False
[ 18.03.2018 02:00:00 ]: Loading Sales Data...
[ 18.03.2018 02:02:07 ]: Loading Sales Data: done
[ 18.03.2018 02:02:07 ]: Loading Purchase Data...
[ 18.03.2018 02:02:54 ]: Loading Purchase Data: done
[ 18.03.2018 02:02:54 ]: Loading Production Data...
[ 18.03.2018 02:03:03 ]: Loading Production Data: done
[ 18.03.2018 02:03:03 ]: Loading Item Data...
[ 18.03.2018 02:14:00 ]: Loading Item Data: done
[ 18.03.2018 02:14:36 ]: Data generated. Required time: 00:14:36.7776736
[ 18.03.2018 03:00:00 ]: Started - Connection String: DSN=Navision Frank-Live - Developer Mode: False
[ 18.03.2018 03:00:00 ]: Loading Sales Data...
[ 18.03.2018 03:01:03 ]: Loading Sales Data: done
[ 18.03.2018 03:01:03 ]: Loading Purchase Data...
[ 18.03.2018 03:01:20 ]: Loading Purchase Data: done
[ 18.03.2018 03:01:20 ]: Loading Production Data...
[ 18.03.2018 03:01:27 ]: Loading Production Data: done
[ 18.03.2018 03:01:27 ]: Loading Item Data...
[ 18.03.2018 03:10:48 ]: Loading Item Data: done
[ 18.03.2018 03:11:25 ]: Data generated. Required time: 00:11:24.6945863
[ 18.03.2018 04:00:00 ]: Started - Connection String: DSN=Navision Frank-Live - Developer Mode: False
[ 18.03.2018 04:00:00 ]: Loading Sales Data...
[ 18.03.2018 04:00:47 ]: Loading Sales Data: done
[ 18.03.2018 04:00:48 ]: Loading Purchase Data...
[ 18.03.2018 04:01:03 ]: Loading Purchase Data: done
[ 18.03.2018 04:01:03 ]: Loading Production Data...
[ 18.03.2018 04:01:12 ]: Loading Production Data: done
[ 18.03.2018 04:01:12 ]: Loading Item Data...
[ 18.03.2018 04:10:35 ]: Loading Item Data: done
[ 18.03.2018 04:11:12 ]: Data generated. Required time: 00:11:11.4234982
[ 18.03.2018 05:00:00 ]: Started - Connection String: DSN=Navision Frank-Live - Developer Mode: False
[ 18.03.2018 05:00:00 ]: Loading Sales Data...
[ 18.03.2018 05:00:48 ]: Loading Sales Data: done
[ 18.03.2018 05:00:48 ]: Loading Purchase Data...
[ 18.03.2018 05:01:07 ]: Loading Purchase Data: done
[ 18.03.2018 05:01:07 ]: Loading Production Data...
[ 18.03.2018 05:01:16 ]: Loading Production Data: done
[ 18.03.2018 05:01:16 ]: Loading Item Data...
[ 18.03.2018 05:10:31 ]: Loading Item Data: done
[ 18.03.2018 05:11:07 ]: Data generated. Required time: 00:11:06.7898587
[ 18.03.2018 06:00:01 ]: Started - Connection String: DSN=Navision Frank-Live - Developer Mode: False
[ 18.03.2018 06:00:01 ]: Loading Sales Data...
[ 18.03.2018 06:00:53 ]: Loading Sales Data: done
[ 18.03.2018 06:00:53 ]: Loading Purchase Data...
[ 18.03.2018 06:01:13 ]: Loading Purchase Data: done
[ 18.03.2018 06:01:13 ]: Loading Production Data...
[ 18.03.2018 06:01:22 ]: Loading Production Data: done
[ 18.03.2018 06:01:22 ]: Loading Item Data...
[ 18.03.2018 06:10:42 ]: Loading Item Data: done
[ 18.03.2018 06:11:19 ]: Data generated. Required time: 00:11:18.2543655
[ 18.03.2018 07:00:01 ]: Started - Connection String: DSN=Navision Frank-Live - Developer Mode: False
[ 18.03.2018 07:00:01 ]: Loading Sales Data...
[ 18.03.2018 07:00:52 ]: Loading Sales Data: done
[ 18.03.2018 07:00:52 ]: Loading Purchase Data...
[ 18.03.2018 07:01:11 ]: Loading Purchase Data: done
[ 18.03.2018 07:01:11 ]: Loading Production Data...
[ 18.03.2018 07:01:19 ]: Loading Production Data: done
[ 18.03.2018 07:01:19 ]: Loading Item Data...
[ 18.03.2018 07:10:38 ]: Loading Item Data: done
[ 18.03.2018 07:11:15 ]: Data generated. Required time: 00:11:14.0052741
[ 18.03.2018 08:00:01 ]: Started - Connection String: DSN=Navision Frank-Live - Developer Mode: False
[ 18.03.2018 08:00:01 ]: Loading Sales Data...
[ 18.03.2018 08:00:49 ]: Loading Sales Data: done
[ 18.03.2018 08:00:49 ]: Loading Purchase Data...
[ 18.03.2018 08:01:12 ]: Loading Purchase Data: done
[ 18.03.2018 08:01:12 ]: Loading Production Data...
[ 18.03.2018 08:01:21 ]: Loading Production Data: done
[ 18.03.2018 08:01:21 ]: Loading Item Data...
[ 18.03.2018 08:10:36 ]: Loading Item Data: done
[ 18.03.2018 08:11:13 ]: Data generated. Required time: 00:11:12.6940384
[ 18.03.2018 09:00:01 ]: Started - Connection String: DSN=Navision Frank-Live - Developer Mode: False
[ 18.03.2018 09:00:01 ]: Loading Sales Data...
[ 18.03.2018 09:00:49 ]: Loading Sales Data: done
[ 18.03.2018 09:00:49 ]: Loading Purchase Data...
[ 18.03.2018 09:01:09 ]: Loading Purchase Data: done
[ 18.03.2018 09:01:09 ]: Loading Production Data...
[ 18.03.2018 09:01:17 ]: Loading Production Data: done
[ 18.03.2018 09:01:17 ]: Loading Item Data...
[ 18.03.2018 09:10:34 ]: Loading Item Data: done
[ 18.03.2018 09:11:11 ]: Data generated. Required time: 00:11:10.1605673
[ 18.03.2018 10:00:02 ]: Started - Connection String: DSN=Navision Frank-Live - Developer Mode: False
[ 18.03.2018 10:00:02 ]: Loading Sales Data...
[ 18.03.2018 10:00:54 ]: Loading Sales Data: done
[ 18.03.2018 10:00:54 ]: Loading Purchase Data...
[ 18.03.2018 10:01:14 ]: Loading Purchase Data: done
[ 18.03.2018 10:01:14 ]: Loading Production Data...
[ 18.03.2018 10:01:22 ]: Loading Production Data: done
[ 18.03.2018 10:01:22 ]: Loading Item Data...
[ 18.03.2018 10:10:41 ]: Loading Item Data: done
[ 18.03.2018 10:11:18 ]: Data generated. Required time: 00:11:17.1657760
[ 18.03.2018 11:00:01 ]: Started - Connection String: DSN=Navision Frank-Live - Developer Mode: False
[ 18.03.2018 11:00:01 ]: Loading Sales Data...
[ 18.03.2018 11:00:49 ]: Loading Sales Data: done
[ 18.03.2018 11:00:49 ]: Loading Purchase Data...
[ 18.03.2018 11:01:06 ]: Loading Purchase Data: done
[ 18.03.2018 11:01:06 ]: Loading Production Data...
[ 18.03.2018 11:01:14 ]: Loading Production Data: done
[ 18.03.2018 11:01:14 ]: Loading Item Data...
[ 18.03.2018 11:10:29 ]: Loading Item Data: done
[ 18.03.2018 11:11:06 ]: Data generated. Required time: 00:11:04.9069767
[ 18.03.2018 12:00:01 ]: Started - Connection String: DSN=Navision Frank-Live - Developer Mode: False
[ 18.03.2018 12:00:01 ]: Loading Sales Data...
[ 18.03.2018 12:00:49 ]: Loading Sales Data: done
[ 18.03.2018 12:00:49 ]: Loading Purchase Data...
[ 18.03.2018 12:01:12 ]: Loading Purchase Data: done
[ 18.03.2018 12:01:12 ]: Loading Production Data...
[ 18.03.2018 12:01:21 ]: Loading Production Data: done
[ 18.03.2018 12:01:21 ]: Loading Item Data...
[ 18.03.2018 12:10:30 ]: Loading Item Data: done
[ 18.03.2018 12:11:07 ]: Data generated. Required time: 00:11:05.4757708
[ 18.03.2018 13:00:01 ]: Started - Connection String: DSN=Navision Frank-Live - Developer Mode: False
[ 18.03.2018 13:00:02 ]: Loading Sales Data...
[ 18.03.2018 13:00:55 ]: Loading Sales Data: done
[ 18.03.2018 13:00:55 ]: Loading Purchase Data...
[ 18.03.2018 13:01:17 ]: Loading Purchase Data: done
[ 18.03.2018 13:01:17 ]: Loading Production Data...
[ 18.03.2018 13:01:25 ]: Loading Production Data: done
[ 18.03.2018 13:01:25 ]: Loading Item Data...
[ 18.03.2018 13:10:45 ]: Loading Item Data: done
[ 18.03.2018 13:11:22 ]: Data generated. Required time: 00:11:20.5190885
[ 18.03.2018 14:00:01 ]: Started - Connection String: DSN=Navision Frank-Live - Developer Mode: False
[ 18.03.2018 14:00:02 ]: Loading Sales Data...
[ 18.03.2018 14:00:54 ]: Loading Sales Data: done
[ 18.03.2018 14:00:54 ]: Loading Purchase Data...
[ 18.03.2018 14:01:13 ]: Loading Purchase Data: done
[ 18.03.2018 14:01:13 ]: Loading Production Data...
[ 18.03.2018 14:01:21 ]: Loading Production Data: done
[ 18.03.2018 14:01:21 ]: Loading Item Data...
[ 18.03.2018 14:10:34 ]: Loading Item Data: done
[ 18.03.2018 14:11:11 ]: Data generated. Required time: 00:11:09.7545157
[ 18.03.2018 15:00:02 ]: Started - Connection String: DSN=Navision Frank-Live - Developer Mode: False
[ 18.03.2018 15:00:02 ]: Loading Sales Data...
[ 18.03.2018 15:00:53 ]: Loading Sales Data: done
[ 18.03.2018 15:00:53 ]: Loading Purchase Data...
[ 18.03.2018 15:01:17 ]: Loading Purchase Data: done
[ 18.03.2018 15:01:17 ]: Loading Production Data...
[ 18.03.2018 15:01:25 ]: Loading Production Data: done
[ 18.03.2018 15:01:25 ]: Loading Item Data...
[ 18.03.2018 15:10:28 ]: Loading Item Data: done
[ 18.03.2018 15:11:05 ]: Data generated. Required time: 00:11:03.3476718
[ 18.03.2018 16:00:02 ]: Started - Connection String: DSN=Navision Frank-Live - Developer Mode: False
[ 18.03.2018 16:00:02 ]: Loading Sales Data...
[ 18.03.2018 16:00:55 ]: Loading Sales Data: done
[ 18.03.2018 16:00:55 ]: Loading Purchase Data...
[ 18.03.2018 16:01:19 ]: Loading Purchase Data: done
[ 18.03.2018 16:01:19 ]: Loading Production Data...
[ 18.03.2018 16:01:27 ]: Loading Production Data: done
[ 18.03.2018 16:01:27 ]: Loading Item Data...
[ 18.03.2018 16:10:36 ]: Loading Item Data: done
[ 18.03.2018 16:11:13 ]: Data generated. Required time: 00:11:10.9585776
[ 18.03.2018 17:00:02 ]: Started - Connection String: DSN=Navision Frank-Live - Developer Mode: False
[ 18.03.2018 17:00:02 ]: Loading Sales Data...
[ 18.03.2018 17:00:54 ]: Loading Sales Data: done
[ 18.03.2018 17:00:54 ]: Loading Purchase Data...
[ 18.03.2018 17:01:12 ]: Loading Purchase Data: done
[ 18.03.2018 17:01:12 ]: Loading Production Data...
[ 18.03.2018 17:01:20 ]: Loading Production Data: done
[ 18.03.2018 17:01:20 ]: Loading Item Data...
[ 18.03.2018 17:10:38 ]: Loading Item Data: done
[ 18.03.2018 17:11:15 ]: Data generated. Required time: 00:11:13.4489101
[ 19.03.2018 00:59:59 ]: Started - Connection String: DSN=Navision Frank-Live - Developer Mode: False
[ 19.03.2018 00:59:59 ]: Loading Sales Data...
[ 19.03.2018 01:01:52 ]: Loading Sales Data: done
[ 19.03.2018 01:01:52 ]: Loading Purchase Data...
[ 19.03.2018 01:02:38 ]: Loading Purchase Data: done
[ 19.03.2018 01:02:38 ]: Loading Production Data...
[ 19.03.2018 01:02:47 ]: Loading Production Data: done
[ 19.03.2018 01:02:47 ]: Loading Item Data...
[ 19.03.2018 01:13:43 ]: Loading Item Data: done
[ 19.03.2018 01:14:20 ]: Data generated. Required time: 00:14:20.5951398
[ 19.03.2018 01:59:59 ]: Started - Connection String: DSN=Navision Frank-Live - Developer Mode: False
[ 19.03.2018 01:59:59 ]: Loading Sales Data...
[ 19.03.2018 02:02:07 ]: Loading Sales Data: done
[ 19.03.2018 02:02:07 ]: Loading Purchase Data...
[ 19.03.2018 02:02:51 ]: Loading Purchase Data: done
[ 19.03.2018 02:02:51 ]: Loading Production Data...
[ 19.03.2018 02:03:00 ]: Loading Production Data: done
[ 19.03.2018 02:03:00 ]: Loading Item Data...
[ 19.03.2018 02:14:08 ]: Loading Item Data: done
[ 19.03.2018 02:14:45 ]: Data generated. Required time: 00:14:46.4062016
[ 19.03.2018 02:59:58 ]: Started - Connection String: DSN=Navision Frank-Live - Developer Mode: False
[ 19.03.2018 02:59:58 ]: Loading Sales Data...
[ 19.03.2018 03:01:02 ]: Loading Sales Data: done
[ 19.03.2018 03:01:02 ]: Loading Purchase Data...
[ 19.03.2018 03:01:21 ]: Loading Purchase Data: done
[ 19.03.2018 03:01:21 ]: Loading Production Data...
[ 19.03.2018 03:01:29 ]: Loading Production Data: done
[ 19.03.2018 03:01:29 ]: Loading Item Data...
[ 19.03.2018 03:10:49 ]: Loading Item Data: done
[ 19.03.2018 03:11:26 ]: Data generated. Required time: 00:11:27.8088360
[ 19.03.2018 03:59:58 ]: Started - Connection String: DSN=Navision Frank-Live - Developer Mode: False
[ 19.03.2018 03:59:58 ]: Loading Sales Data...
[ 19.03.2018 04:00:50 ]: Loading Sales Data: done
[ 19.03.2018 04:00:50 ]: Loading Purchase Data...
[ 19.03.2018 04:01:09 ]: Loading Purchase Data: done
[ 19.03.2018 04:01:09 ]: Loading Production Data...
[ 19.03.2018 04:01:17 ]: Loading Production Data: done
[ 19.03.2018 04:01:17 ]: Loading Item Data...
[ 19.03.2018 04:10:29 ]: Loading Item Data: done
[ 19.03.2018 04:11:06 ]: Data generated. Required time: 00:11:08.3933368
[ 19.03.2018 05:00:00 ]: Started - Connection String: DSN=Navision Frank-Live - Developer Mode: False
[ 19.03.2018 05:00:00 ]: Loading Sales Data...
[ 19.03.2018 05:00:53 ]: Loading Sales Data: done
[ 19.03.2018 05:00:53 ]: Loading Purchase Data...
[ 19.03.2018 05:01:13 ]: Loading Purchase Data: done
[ 19.03.2018 05:01:13 ]: Loading Production Data...
[ 19.03.2018 05:01:20 ]: Loading Production Data: done
[ 19.03.2018 05:01:20 ]: Loading Item Data...
[ 19.03.2018 05:10:35 ]: Loading Item Data: done
[ 19.03.2018 05:11:12 ]: Data generated. Required time: 00:11:11.9744070
[ 19.03.2018 06:00:00 ]: Started - Connection String: DSN=Navision Frank-Live - Developer Mode: False
[ 19.03.2018 06:00:00 ]: Loading Sales Data...
[ 19.03.2018 06:00:52 ]: Loading Sales Data: done
[ 19.03.2018 06:00:52 ]: Loading Purchase Data...
[ 19.03.2018 06:01:08 ]: Loading Purchase Data: done
[ 19.03.2018 06:01:08 ]: Loading Production Data...
[ 19.03.2018 06:01:16 ]: Loading Production Data: done
[ 19.03.2018 06:01:16 ]: Loading Item Data...
[ 19.03.2018 06:10:29 ]: Loading Item Data: done
[ 19.03.2018 06:11:06 ]: Data generated. Required time: 00:11:06.1582768
[ 19.03.2018 07:00:00 ]: Started - Connection String: DSN=Navision Frank-Live - Developer Mode: False
[ 19.03.2018 07:00:00 ]: Loading Sales Data...
[ 19.03.2018 07:01:00 ]: Loading Sales Data: done
[ 19.03.2018 07:01:00 ]: Loading Purchase Data...
[ 19.03.2018 07:01:20 ]: Loading Purchase Data: done
[ 19.03.2018 07:01:20 ]: Loading Production Data...
[ 19.03.2018 07:01:29 ]: Loading Production Data: done
[ 19.03.2018 07:01:29 ]: Loading Item Data...
[ 19.03.2018 07:11:26 ]: Loading Item Data: done
[ 19.03.2018 07:12:10 ]: Data generated. Required time: 00:12:09.4050137
[ 19.03.2018 08:00:01 ]: Started - Connection String: DSN=Navision Frank-Live - Developer Mode: False
[ 19.03.2018 08:00:01 ]: Loading Sales Data...
[ 19.03.2018 08:01:07 ]: Loading Sales Data: done
[ 19.03.2018 08:01:07 ]: Loading Purchase Data...
[ 19.03.2018 08:01:26 ]: Loading Purchase Data: done
[ 19.03.2018 08:01:26 ]: Loading Production Data...
[ 19.03.2018 08:01:35 ]: Loading Production Data: done
[ 19.03.2018 08:01:35 ]: Loading Item Data...
[ 19.03.2018 08:11:20 ]: Loading Item Data: done
[ 19.03.2018 08:12:02 ]: Data generated. Required time: 00:12:01.6976702
[ 19.03.2018 09:00:01 ]: Started - Connection String: DSN=Navision Frank-Live - Developer Mode: False
[ 19.03.2018 09:00:01 ]: Loading Sales Data...
[ 19.03.2018 09:01:09 ]: Loading Sales Data: done
[ 19.03.2018 09:01:09 ]: Loading Purchase Data...
[ 19.03.2018 09:01:32 ]: Loading Purchase Data: done
[ 19.03.2018 09:01:32 ]: Loading Production Data...
[ 19.03.2018 09:01:41 ]: Loading Production Data: done
[ 19.03.2018 09:01:41 ]: Loading Item Data...
[ 19.03.2018 09:11:43 ]: Loading Item Data: done
[ 19.03.2018 09:12:25 ]: Data generated. Required time: 00:12:23.5765266
[ 19.03.2018 10:00:01 ]: Started - Connection String: DSN=Navision Frank-Live - Developer Mode: False
[ 19.03.2018 10:00:01 ]: Loading Sales Data...
[ 19.03.2018 10:01:02 ]: Loading Sales Data: done
[ 19.03.2018 10:01:02 ]: Loading Purchase Data...
[ 19.03.2018 10:01:21 ]: Loading Purchase Data: done
[ 19.03.2018 10:01:21 ]: Loading Production Data...
[ 19.03.2018 10:01:29 ]: Loading Production Data: done
[ 19.03.2018 10:01:29 ]: Loading Item Data...
[ 19.03.2018 10:10:55 ]: Loading Item Data: done
[ 19.03.2018 10:11:32 ]: Data generated. Required time: 00:11:31.2770181
[ 19.03.2018 11:00:01 ]: Started - Connection String: DSN=Navision Frank-Live - Developer Mode: False
[ 19.03.2018 11:00:01 ]: Loading Sales Data...
[ 19.03.2018 11:01:12 ]: Loading Sales Data: done
[ 19.03.2018 11:01:12 ]: Loading Purchase Data...
[ 19.03.2018 11:01:31 ]: Loading Purchase Data: done
[ 19.03.2018 11:01:31 ]: Loading Production Data...
[ 19.03.2018 11:01:40 ]: Loading Production Data: done
[ 19.03.2018 11:01:40 ]: Loading Item Data...
[ 19.03.2018 11:11:53 ]: Loading Item Data: done
[ 19.03.2018 11:12:38 ]: Data generated. Required time: 00:12:37.3570775
[ 19.03.2018 12:00:01 ]: Started - Connection String: DSN=Navision Frank-Live - Developer Mode: False
[ 19.03.2018 12:00:01 ]: Loading Sales Data...
[ 19.03.2018 12:01:07 ]: Loading Sales Data: done
[ 19.03.2018 12:01:07 ]: Loading Purchase Data...
[ 19.03.2018 12:01:26 ]: Loading Purchase Data: done
[ 19.03.2018 12:01:26 ]: Loading Production Data...
[ 19.03.2018 12:01:35 ]: Loading Production Data: done
[ 19.03.2018 12:01:35 ]: Loading Item Data...
[ 19.03.2018 12:11:42 ]: Loading Item Data: done
[ 19.03.2018 12:12:27 ]: Data generated. Required time: 00:12:25.9576429
[ 19.03.2018 13:00:01 ]: Started - Connection String: DSN=Navision Frank-Live - Developer Mode: False
[ 19.03.2018 13:00:01 ]: Loading Sales Data...
[ 19.03.2018 13:00:58 ]: Loading Sales Data: done
[ 19.03.2018 13:00:58 ]: Loading Purchase Data...
[ 19.03.2018 13:01:28 ]: Loading Purchase Data: done
[ 19.03.2018 13:01:28 ]: Loading Production Data...
[ 19.03.2018 13:01:36 ]: Loading Production Data: done
[ 19.03.2018 13:01:36 ]: Loading Item Data...
[ 19.03.2018 13:11:47 ]: Loading Item Data: done
[ 19.03.2018 13:12:32 ]: Data generated. Required time: 00:12:30.3536536
[ 19.03.2018 14:00:01 ]: Started - Connection String: DSN=Navision Frank-Live - Developer Mode: False
[ 19.03.2018 14:00:01 ]: Loading Sales Data...
[ 19.03.2018 14:00:59 ]: Loading Sales Data: done
[ 19.03.2018 14:00:59 ]: Loading Purchase Data...
[ 19.03.2018 14:01:15 ]: Loading Purchase Data: done
[ 19.03.2018 14:01:15 ]: Loading Production Data...
[ 19.03.2018 14:01:24 ]: Loading Production Data: done
[ 19.03.2018 14:01:24 ]: Loading Item Data...
[ 19.03.2018 14:11:05 ]: Loading Item Data: done
[ 19.03.2018 14:11:44 ]: Data generated. Required time: 00:11:42.4529715
[ 19.03.2018 15:00:01 ]: Started - Connection String: DSN=Navision Frank-Live - Developer Mode: False
[ 19.03.2018 15:00:01 ]: Loading Sales Data...
[ 19.03.2018 15:01:02 ]: Loading Sales Data: done
[ 19.03.2018 15:01:02 ]: Loading Purchase Data...
[ 19.03.2018 15:01:20 ]: Loading Purchase Data: done
[ 19.03.2018 15:01:20 ]: Loading Production Data...
[ 19.03.2018 15:01:28 ]: Loading Production Data: done
[ 19.03.2018 15:01:28 ]: Loading Item Data...
[ 19.03.2018 15:11:23 ]: Loading Item Data: done
[ 19.03.2018 15:12:05 ]: Data generated. Required time: 00:12:03.0403109
[ 19.03.2018 16:00:01 ]: Started - Connection String: DSN=Navision Frank-Live - Developer Mode: False
[ 19.03.2018 16:00:01 ]: Loading Sales Data...
[ 19.03.2018 16:01:06 ]: Loading Sales Data: done
[ 19.03.2018 16:01:06 ]: Loading Purchase Data...
[ 19.03.2018 16:01:24 ]: Loading Purchase Data: done
[ 19.03.2018 16:01:24 ]: Loading Production Data...
[ 19.03.2018 16:01:33 ]: Loading Production Data: done
[ 19.03.2018 16:01:33 ]: Loading Item Data...
[ 19.03.2018 16:13:32 ]: Loading Item Data: done
[ 19.03.2018 16:14:24 ]: Data generated. Required time: 00:14:21.9831294
[ 19.03.2018 17:00:02 ]: Started - Connection String: DSN=Navision Frank-Live - Developer Mode: False
[ 19.03.2018 17:00:02 ]: Loading Sales Data...
[ 19.03.2018 17:01:00 ]: Loading Sales Data: done
[ 19.03.2018 17:01:00 ]: Loading Purchase Data...
[ 19.03.2018 17:01:18 ]: Loading Purchase Data: done
[ 19.03.2018 17:01:18 ]: Loading Production Data...
[ 19.03.2018 17:01:26 ]: Loading Production Data: done
[ 19.03.2018 17:01:26 ]: Loading Item Data...
[ 19.03.2018 17:13:07 ]: Loading Item Data: done
[ 19.03.2018 17:13:56 ]: Data generated. Required time: 00:13:54.3949694
[ 20.03.2018 01:00:00 ]: Started - Connection String: DSN=Navision Frank-Live - Developer Mode: False
[ 20.03.2018 01:00:00 ]: Loading Sales Data...
[ 20.03.2018 01:01:49 ]: Loading Sales Data: done
[ 20.03.2018 01:01:49 ]: Loading Purchase Data...
[ 20.03.2018 01:02:26 ]: Loading Purchase Data: done
[ 20.03.2018 01:02:26 ]: Loading Production Data...
[ 20.03.2018 01:02:34 ]: Loading Production Data: done
[ 20.03.2018 01:02:34 ]: Loading Item Data...
[ 20.03.2018 01:14:59 ]: Loading Item Data: done
[ 20.03.2018 01:15:42 ]: Data generated. Required time: 00:15:42.2870599
[ 20.03.2018 02:00:00 ]: Started - Connection String: DSN=Navision Frank-Live - Developer Mode: False
[ 20.03.2018 02:00:00 ]: Loading Sales Data...
[ 20.03.2018 02:02:08 ]: Loading Sales Data: done
[ 20.03.2018 02:02:08 ]: Loading Purchase Data...
[ 20.03.2018 02:02:53 ]: Loading Purchase Data: done
[ 20.03.2018 02:02:53 ]: Loading Production Data...
[ 20.03.2018 02:03:02 ]: Loading Production Data: done
[ 20.03.2018 02:03:02 ]: Loading Item Data...
[ 20.03.2018 02:15:29 ]: Loading Item Data: done
[ 20.03.2018 02:16:13 ]: Data generated. Required time: 00:16:13.0615181
[ 20.03.2018 03:00:00 ]: Started - Connection String: DSN=Navision Frank-Live - Developer Mode: False
[ 20.03.2018 03:00:00 ]: Loading Sales Data...
[ 20.03.2018 03:00:58 ]: Loading Sales Data: done
[ 20.03.2018 03:00:58 ]: Loading Purchase Data...
[ 20.03.2018 03:01:13 ]: Loading Purchase Data: done
[ 20.03.2018 03:01:13 ]: Loading Production Data...
[ 20.03.2018 03:01:21 ]: Loading Production Data: done
[ 20.03.2018 03:01:21 ]: Loading Item Data...
[ 20.03.2018 03:12:04 ]: Loading Item Data: done
[ 20.03.2018 03:12:48 ]: Data generated. Required time: 00:12:47.6332768
[ 20.03.2018 04:00:00 ]: Started - Connection String: DSN=Navision Frank-Live - Developer Mode: False
[ 20.03.2018 04:00:00 ]: Loading Sales Data...
[ 20.03.2018 04:00:48 ]: Loading Sales Data: done
[ 20.03.2018 04:00:48 ]: Loading Purchase Data...
[ 20.03.2018 04:01:03 ]: Loading Purchase Data: done
[ 20.03.2018 04:01:03 ]: Loading Production Data...
[ 20.03.2018 04:01:10 ]: Loading Production Data: done
[ 20.03.2018 04:01:10 ]: Loading Item Data...
[ 20.03.2018 04:11:43 ]: Loading Item Data: done
[ 20.03.2018 04:12:27 ]: Data generated. Required time: 00:12:26.3604958
[ 20.03.2018 05:00:00 ]: Started - Connection String: DSN=Navision Frank-Live - Developer Mode: False
[ 20.03.2018 05:00:00 ]: Loading Sales Data...
[ 20.03.2018 05:00:49 ]: Loading Sales Data: done
[ 20.03.2018 05:00:49 ]: Loading Purchase Data...
[ 20.03.2018 05:01:10 ]: Loading Purchase Data: done
[ 20.03.2018 05:01:10 ]: Loading Production Data...
[ 20.03.2018 05:01:17 ]: Loading Production Data: done
[ 20.03.2018 05:01:17 ]: Loading Item Data...
[ 20.03.2018 05:11:54 ]: Loading Item Data: done
[ 20.03.2018 05:12:37 ]: Data generated. Required time: 00:12:36.9402669
[ 20.03.2018 06:00:00 ]: Started - Connection String: DSN=Navision Frank-Live - Developer Mode: False
[ 20.03.2018 06:00:01 ]: Loading Sales Data...
[ 20.03.2018 06:01:03 ]: Loading Sales Data: done
[ 20.03.2018 06:01:03 ]: Loading Purchase Data...
[ 20.03.2018 06:01:17 ]: Loading Purchase Data: done
[ 20.03.2018 06:01:17 ]: Loading Production Data...
[ 20.03.2018 06:01:25 ]: Loading Production Data: done
[ 20.03.2018 06:01:25 ]: Loading Item Data...
[ 20.03.2018 06:12:39 ]: Loading Item Data: done
[ 20.03.2018 06:13:22 ]: Data generated. Required time: 00:13:21.7470614
[ 20.03.2018 07:00:01 ]: Started - Connection String: DSN=Navision Frank-Live - Developer Mode: False
[ 20.03.2018 07:00:01 ]: Loading Sales Data...
[ 20.03.2018 07:01:01 ]: Loading Sales Data: done
[ 20.03.2018 07:01:01 ]: Loading Purchase Data...
[ 20.03.2018 07:01:16 ]: Loading Purchase Data: done
[ 20.03.2018 07:01:16 ]: Loading Production Data...
[ 20.03.2018 07:01:24 ]: Loading Production Data: done
[ 20.03.2018 07:01:24 ]: Loading Item Data...
[ 20.03.2018 07:12:17 ]: Loading Item Data: done
[ 20.03.2018 07:13:00 ]: Data generated. Required time: 00:12:59.0402710
[ 20.03.2018 08:00:01 ]: Started - Connection String: DSN=Navision Frank-Live - Developer Mode: False
[ 20.03.2018 08:00:01 ]: Loading Sales Data...
[ 20.03.2018 08:01:08 ]: Loading Sales Data: done
[ 20.03.2018 08:01:08 ]: Loading Purchase Data...
[ 20.03.2018 08:01:27 ]: Loading Purchase Data: done
[ 20.03.2018 08:01:27 ]: Loading Production Data...
[ 20.03.2018 08:01:36 ]: Loading Production Data: done
[ 20.03.2018 08:01:36 ]: Loading Item Data...
