[ 20.03.2018 12:13:30 ]: Started - Connection String: DSN=Navision Frank-Live - Developer Mode: False
[ 20.03.2018 12:13:30 ]: Loading Sales Data...
[ 20.03.2018 12:14:31 ]: Loading Sales Data: done
[ 20.03.2018 12:14:31 ]: Loading Purchase Data...
[ 20.03.2018 12:14:53 ]: Loading Purchase Data: done
[ 20.03.2018 12:14:53 ]: Loading Production Data...
[ 20.03.2018 12:15:03 ]: Loading Production Data: done
[ 20.03.2018 12:15:03 ]: Loading Item Data...
[ 20.03.2018 12:43:57 ]: Loading Item Data: done
[ 20.03.2018 12:46:39 ]: Data generated. Required time: 00:33:09.4705480
[ 20.03.2018 13:13:30 ]: Started - Connection String: DSN=Navision Frank-Live - Developer Mode: False
[ 20.03.2018 13:13:30 ]: Loading Sales Data...
[ 20.03.2018 13:14:34 ]: Loading Sales Data: done
[ 20.03.2018 13:14:34 ]: Loading Purchase Data...
[ 20.03.2018 13:14:55 ]: Loading Purchase Data: done
[ 20.03.2018 13:14:55 ]: Loading Production Data...
[ 20.03.2018 13:15:04 ]: Loading Production Data: done
[ 20.03.2018 13:15:04 ]: Loading Item Data...
[ 20.03.2018 13:25:58 ]: Loading Item Data: done
[ 20.03.2018 13:26:52 ]: Data generated. Required time: 00:13:21.9350909
[ 20.03.2018 14:13:30 ]: Started - Connection String: DSN=Navision Frank-Live - Developer Mode: False
[ 20.03.2018 14:13:30 ]: Loading Sales Data...
[ 20.03.2018 14:14:45 ]: Loading Sales Data: done
[ 20.03.2018 14:14:45 ]: Loading Purchase Data...
[ 20.03.2018 14:15:19 ]: Loading Purchase Data: done
[ 20.03.2018 14:15:19 ]: Loading Production Data...
[ 20.03.2018 14:15:28 ]: Loading Production Data: done
[ 20.03.2018 14:15:28 ]: Loading Item Data...
[ 20.03.2018 14:27:37 ]: Loading Item Data: done
[ 20.03.2018 14:28:37 ]: Data generated. Required time: 00:15:06.3007304
[ 20.03.2018 15:13:30 ]: Started - Connection String: DSN=Navision Frank-Live - Developer Mode: False
[ 20.03.2018 15:13:31 ]: Loading Sales Data...
[ 20.03.2018 15:14:29 ]: Loading Sales Data: done
[ 20.03.2018 15:14:29 ]: Loading Purchase Data...
[ 20.03.2018 15:14:51 ]: Loading Purchase Data: done
[ 20.03.2018 15:14:51 ]: Loading Production Data...
[ 20.03.2018 15:14:59 ]: Loading Production Data: done
[ 20.03.2018 15:14:59 ]: Loading Item Data...
[ 20.03.2018 15:26:41 ]: Loading Item Data: done
[ 20.03.2018 15:27:40 ]: Data generated. Required time: 00:14:09.1729222
[ 20.03.2018 15:35:16 ]: Started - Connection String: DSN=Navision Frank-Live - Developer Mode: False
[ 20.03.2018 15:35:16 ]: Loading Sales Data...
[ 20.03.2018 15:36:06 ]: Started - Connection String: DSN=Navision Frank-Live - Developer Mode: False
[ 20.03.2018 15:36:06 ]: Loading Sales Data...
[ 20.03.2018 15:37:20 ]: Loading Sales Data: done
[ 20.03.2018 15:37:20 ]: Loading Purchase Data...
[ 20.03.2018 15:37:50 ]: Loading Purchase Data: done
[ 20.03.2018 15:37:50 ]: Loading Production Data...
[ 20.03.2018 15:38:00 ]: Loading Production Data: done
[ 20.03.2018 15:38:00 ]: Loading Item Data...
[ 20.03.2018 16:07:02 ]: Started - Connection String: DSN=Navision Frank-Live - Developer Mode: False
[ 20.03.2018 16:07:02 ]: Loading Sales Data...
[ 20.03.2018 16:08:08 ]: Loading Sales Data: done
[ 20.03.2018 16:08:08 ]: Loading Purchase Data...
[ 20.03.2018 16:08:31 ]: Loading Purchase Data: done
[ 20.03.2018 16:08:31 ]: Loading Production Data...
[ 20.03.2018 16:08:40 ]: Loading Production Data: done
[ 20.03.2018 16:08:40 ]: Loading Item Data...
[ 20.03.2018 16:20:27 ]: Loading Item Data: done
[ 20.03.2018 16:30:45 ]: Started - Connection String: DSN=Navision Frank-Live - Developer Mode: False
[ 20.03.2018 16:30:45 ]: Loading Sales Data...
[ 20.03.2018 16:31:42 ]: Loading Sales Data: done
[ 20.03.2018 16:31:42 ]: Loading Purchase Data...
[ 20.03.2018 16:32:04 ]: Loading Purchase Data: done
[ 20.03.2018 16:32:04 ]: Loading Production Data...
[ 20.03.2018 16:32:13 ]: Loading Production Data: done
[ 20.03.2018 16:32:13 ]: Loading Item Data...
[ 20.03.2018 16:43:58 ]: Loading Item Data: done
[ 20.03.2018 16:44:29 ]: FillCalculatedItem: done
[ 20.03.2018 16:47:54 ]: Data generated. Required time: 00:17:09.0824040
[ 20.03.2018 17:07:33 ]: Started - Connection String: DSN=Navision Frank-Live - Developer Mode: False
[ 20.03.2018 17:07:33 ]: Loading Sales Data...
[ 20.03.2018 17:08:40 ]: Loading Sales Data: done
[ 20.03.2018 17:08:40 ]: Loading Purchase Data...
[ 20.03.2018 17:09:01 ]: Loading Purchase Data: done
[ 20.03.2018 17:09:01 ]: Loading Production Data...
[ 20.03.2018 17:09:10 ]: Loading Production Data: done
[ 20.03.2018 17:09:10 ]: Loading Item Data...
[ 20.03.2018 17:20:51 ]: Loading Item Data: done
[ 20.03.2018 17:21:12 ]: FillCalculatedItem: done
[ 20.03.2018 17:21:48 ]: Data generated. Required time: 00:14:14.6753299
[ 20.03.2018 17:23:32 ]: Started - Connection String: DSN=Navision Frank-Live - Developer Mode: False
[ 20.03.2018 17:23:32 ]: Loading Sales Data...
[ 20.03.2018 17:24:28 ]: Loading Sales Data: done
[ 20.03.2018 17:24:28 ]: Loading Purchase Data...
[ 20.03.2018 17:24:53 ]: Loading Purchase Data: done
[ 20.03.2018 17:24:53 ]: Loading Production Data...
[ 20.03.2018 17:25:03 ]: Loading Production Data: done
[ 20.03.2018 17:25:03 ]: Loading Item Data...
[ 20.03.2018 17:36:09 ]: Loading Item Data: done
[ 20.03.2018 17:36:29 ]: FillCalculatedItem: done
[ 20.03.2018 17:37:00 ]: Data generated. Required time: 00:13:26.8015091
[ 21.03.2018 01:00:00 ]: Started - Connection String: DSN=Navision Frank-Live - Developer Mode: False
[ 21.03.2018 01:00:00 ]: Loading Sales Data...
[ 21.03.2018 01:01:51 ]: Loading Sales Data: done
[ 21.03.2018 01:01:51 ]: Loading Purchase Data...
[ 21.03.2018 01:02:32 ]: Loading Purchase Data: done
[ 21.03.2018 01:02:32 ]: Loading Production Data...
[ 21.03.2018 01:02:40 ]: Loading Production Data: done
[ 21.03.2018 01:02:40 ]: Loading Item Data...
[ 21.03.2018 01:15:08 ]: Loading Item Data: done
[ 21.03.2018 01:15:28 ]: FillCalculatedItem: done
[ 21.03.2018 01:15:59 ]: Data generated. Required time: 00:15:58.7002180
[ 21.03.2018 02:00:00 ]: Started - Connection String: DSN=Navision Frank-Live - Developer Mode: False
[ 21.03.2018 02:00:00 ]: Loading Sales Data...
[ 21.03.2018 02:02:05 ]: Loading Sales Data: done
[ 21.03.2018 02:02:05 ]: Loading Purchase Data...
[ 21.03.2018 02:02:52 ]: Loading Purchase Data: done
[ 21.03.2018 02:02:52 ]: Loading Production Data...
[ 21.03.2018 02:03:01 ]: Loading Production Data: done
[ 21.03.2018 02:03:01 ]: Loading Item Data...
[ 21.03.2018 02:15:25 ]: Loading Item Data: done
[ 21.03.2018 02:15:45 ]: FillCalculatedItem: done
[ 21.03.2018 02:16:16 ]: Data generated. Required time: 00:16:15.7967462
[ 21.03.2018 03:00:00 ]: Started - Connection String: DSN=Navision Frank-Live - Developer Mode: False
[ 21.03.2018 03:00:00 ]: Loading Sales Data...
[ 21.03.2018 03:00:57 ]: Loading Sales Data: done
[ 21.03.2018 03:00:57 ]: Loading Purchase Data...
[ 21.03.2018 03:01:13 ]: Loading Purchase Data: done
[ 21.03.2018 03:01:13 ]: Loading Production Data...
[ 21.03.2018 03:01:21 ]: Loading Production Data: done
[ 21.03.2018 03:01:21 ]: Loading Item Data...
[ 21.03.2018 03:11:58 ]: Loading Item Data: done
[ 21.03.2018 03:12:18 ]: FillCalculatedItem: done
[ 21.03.2018 03:12:49 ]: Data generated. Required time: 00:12:48.9181527
[ 21.03.2018 04:00:00 ]: Started - Connection String: DSN=Navision Frank-Live - Developer Mode: False
[ 21.03.2018 04:00:00 ]: Loading Sales Data...
[ 21.03.2018 04:00:49 ]: Loading Sales Data: done
[ 21.03.2018 04:00:49 ]: Loading Purchase Data...
[ 21.03.2018 04:01:08 ]: Loading Purchase Data: done
[ 21.03.2018 04:01:08 ]: Loading Production Data...
[ 21.03.2018 04:01:16 ]: Loading Production Data: done
[ 21.03.2018 04:01:16 ]: Loading Item Data...
[ 21.03.2018 04:11:50 ]: Loading Item Data: done
[ 21.03.2018 04:12:09 ]: FillCalculatedItem: done
[ 21.03.2018 04:12:41 ]: Data generated. Required time: 00:12:40.0220793
[ 21.03.2018 05:00:01 ]: Started - Connection String: DSN=Navision Frank-Live - Developer Mode: False
[ 21.03.2018 05:00:01 ]: Loading Sales Data...
[ 21.03.2018 05:00:48 ]: Loading Sales Data: done
[ 21.03.2018 05:00:48 ]: Loading Purchase Data...
[ 21.03.2018 05:01:13 ]: Loading Purchase Data: done
[ 21.03.2018 05:01:13 ]: Loading Production Data...
[ 21.03.2018 05:01:20 ]: Loading Production Data: done
[ 21.03.2018 05:01:20 ]: Loading Item Data...
[ 21.03.2018 05:11:56 ]: Loading Item Data: done
[ 21.03.2018 05:12:15 ]: FillCalculatedItem: done
[ 21.03.2018 05:12:47 ]: Data generated. Required time: 00:12:46.0741367
[ 21.03.2018 06:00:01 ]: Started - Connection String: DSN=Navision Frank-Live - Developer Mode: False
[ 21.03.2018 06:00:01 ]: Loading Sales Data...
[ 21.03.2018 06:00:58 ]: Loading Sales Data: done
[ 21.03.2018 06:00:58 ]: Loading Purchase Data...
[ 21.03.2018 06:01:29 ]: Loading Purchase Data: done
[ 21.03.2018 06:01:29 ]: Loading Production Data...
[ 21.03.2018 06:01:36 ]: Loading Production Data: done
[ 21.03.2018 06:01:36 ]: Loading Item Data...
[ 21.03.2018 06:12:16 ]: Loading Item Data: done
[ 21.03.2018 06:12:36 ]: FillCalculatedItem: done
[ 21.03.2018 06:13:07 ]: Data generated. Required time: 00:13:06.2468931
[ 21.03.2018 07:00:01 ]: Started - Connection String: DSN=Navision Frank-Live - Developer Mode: False
[ 21.03.2018 07:00:01 ]: Loading Sales Data...
[ 21.03.2018 07:00:57 ]: Loading Sales Data: done
[ 21.03.2018 07:00:57 ]: Loading Purchase Data...
[ 21.03.2018 07:01:16 ]: Loading Purchase Data: done
[ 21.03.2018 07:01:16 ]: Loading Production Data...
[ 21.03.2018 07:01:24 ]: Loading Production Data: done
[ 21.03.2018 07:01:24 ]: Loading Item Data...
[ 21.03.2018 07:11:56 ]: Loading Item Data: done
[ 21.03.2018 07:12:16 ]: FillCalculatedItem: done
[ 21.03.2018 07:12:47 ]: Data generated. Required time: 00:12:46.6138679
[ 21.03.2018 08:00:01 ]: Started - Connection String: DSN=Navision Frank-Live - Developer Mode: False
[ 21.03.2018 08:00:01 ]: Loading Sales Data...
[ 21.03.2018 08:01:00 ]: Loading Sales Data: done
[ 21.03.2018 08:01:00 ]: Loading Purchase Data...
[ 21.03.2018 08:01:18 ]: Loading Purchase Data: done
[ 21.03.2018 08:01:18 ]: Loading Production Data...
[ 21.03.2018 08:01:26 ]: Loading Production Data: done
[ 21.03.2018 08:01:26 ]: Loading Item Data...
[ 21.03.2018 08:11:59 ]: Loading Item Data: done
[ 21.03.2018 08:12:19 ]: FillCalculatedItem: done
[ 21.03.2018 08:12:50 ]: Data generated. Required time: 00:12:49.2099012
[ 21.03.2018 09:00:01 ]: Started - Connection String: DSN=Navision Frank-Live - Developer Mode: False
[ 21.03.2018 09:00:01 ]: Loading Sales Data...
[ 21.03.2018 09:00:59 ]: Loading Sales Data: done
[ 21.03.2018 09:00:59 ]: Loading Purchase Data...
[ 21.03.2018 09:01:16 ]: Loading Purchase Data: done
[ 21.03.2018 09:01:16 ]: Loading Production Data...
[ 21.03.2018 09:01:24 ]: Loading Production Data: done
[ 21.03.2018 09:01:24 ]: Loading Item Data...
[ 21.03.2018 09:11:50 ]: Loading Item Data: done
[ 21.03.2018 09:12:10 ]: FillCalculatedItem: done
[ 21.03.2018 09:12:41 ]: Data generated. Required time: 00:12:39.9950443
[ 21.03.2018 10:00:01 ]: Started - Connection String: DSN=Navision Frank-Live - Developer Mode: False
[ 21.03.2018 10:00:01 ]: Loading Sales Data...
[ 21.03.2018 10:01:04 ]: Loading Sales Data: done
[ 21.03.2018 10:01:04 ]: Loading Purchase Data...
[ 21.03.2018 10:01:21 ]: Loading Purchase Data: done
[ 21.03.2018 10:01:21 ]: Loading Production Data...
[ 21.03.2018 10:01:29 ]: Loading Production Data: done
[ 21.03.2018 10:01:29 ]: Loading Item Data...
[ 21.03.2018 10:12:09 ]: Loading Item Data: done
[ 21.03.2018 10:12:28 ]: FillCalculatedItem: done
[ 21.03.2018 10:12:59 ]: Data generated. Required time: 00:12:58.1290300
[ 21.03.2018 11:00:01 ]: Started - Connection String: DSN=Navision Frank-Live - Developer Mode: False
[ 21.03.2018 11:00:01 ]: Loading Sales Data...
[ 21.03.2018 11:01:15 ]: Loading Sales Data: done
[ 21.03.2018 11:01:15 ]: Loading Purchase Data...
[ 21.03.2018 11:01:44 ]: Loading Purchase Data: done
[ 21.03.2018 11:01:44 ]: Loading Production Data...
[ 21.03.2018 11:01:52 ]: Loading Production Data: done
[ 21.03.2018 11:01:52 ]: Loading Item Data...
[ 21.03.2018 11:12:33 ]: Loading Item Data: done
[ 21.03.2018 11:12:53 ]: FillCalculatedItem: done
[ 21.03.2018 11:13:24 ]: Data generated. Required time: 00:13:22.4542339
[ 21.03.2018 12:00:02 ]: Started - Connection String: DSN=Navision Frank-Live - Developer Mode: False
[ 21.03.2018 12:00:02 ]: Loading Sales Data...
[ 21.03.2018 12:00:55 ]: Loading Sales Data: done
[ 21.03.2018 12:00:55 ]: Loading Purchase Data...
[ 21.03.2018 12:01:11 ]: Loading Purchase Data: done
[ 21.03.2018 12:01:11 ]: Loading Production Data...
[ 21.03.2018 12:01:20 ]: Loading Production Data: done
[ 21.03.2018 12:01:20 ]: Loading Item Data...
[ 21.03.2018 12:11:54 ]: Loading Item Data: done
[ 21.03.2018 12:12:13 ]: FillCalculatedItem: done
[ 21.03.2018 12:12:44 ]: Data generated. Required time: 00:12:42.7402069
[ 21.03.2018 13:00:02 ]: Started - Connection String: DSN=Navision Frank-Live - Developer Mode: False
[ 21.03.2018 13:00:02 ]: Loading Sales Data...
[ 21.03.2018 13:01:03 ]: Loading Sales Data: done
[ 21.03.2018 13:01:03 ]: Loading Purchase Data...
[ 21.03.2018 13:01:21 ]: Loading Purchase Data: done
[ 21.03.2018 13:01:21 ]: Loading Production Data...
[ 21.03.2018 13:01:29 ]: Loading Production Data: done
[ 21.03.2018 13:01:29 ]: Loading Item Data...
[ 21.03.2018 13:11:58 ]: Loading Item Data: done
[ 21.03.2018 13:12:17 ]: FillCalculatedItem: done
[ 21.03.2018 13:12:48 ]: Data generated. Required time: 00:12:46.2150600
[ 21.03.2018 14:00:02 ]: Started - Connection String: DSN=Navision Frank-Live - Developer Mode: False
[ 21.03.2018 14:00:02 ]: Loading Sales Data...
[ 21.03.2018 14:01:00 ]: Loading Sales Data: done
[ 21.03.2018 14:01:00 ]: Loading Purchase Data...
[ 21.03.2018 14:01:17 ]: Loading Purchase Data: done
[ 21.03.2018 14:01:17 ]: Loading Production Data...
[ 21.03.2018 14:01:26 ]: Loading Production Data: done
[ 21.03.2018 14:01:26 ]: Loading Item Data...
[ 21.03.2018 14:11:37 ]: Loading Item Data: done
[ 21.03.2018 14:11:56 ]: FillCalculatedItem: done
[ 21.03.2018 14:12:26 ]: Data generated. Required time: 00:12:24.3232994
[ 21.03.2018 15:00:02 ]: Started - Connection String: DSN=Navision Frank-Live - Developer Mode: False
[ 21.03.2018 15:00:02 ]: Loading Sales Data...
[ 21.03.2018 15:01:02 ]: Loading Sales Data: done
[ 21.03.2018 15:01:02 ]: Loading Purchase Data...
[ 21.03.2018 15:01:20 ]: Loading Purchase Data: done
[ 21.03.2018 15:01:20 ]: Loading Production Data...
[ 21.03.2018 15:01:28 ]: Loading Production Data: done
[ 21.03.2018 15:01:28 ]: Loading Item Data...
[ 21.03.2018 15:12:26 ]: Loading Item Data: done
[ 21.03.2018 15:12:45 ]: FillCalculatedItem: done
[ 21.03.2018 15:13:15 ]: Data generated. Required time: 00:13:13.5085610
[ 21.03.2018 16:00:02 ]: Started - Connection String: DSN=Navision Frank-Live - Developer Mode: False
[ 21.03.2018 16:00:02 ]: Loading Sales Data...
[ 21.03.2018 16:00:56 ]: Loading Sales Data: done
[ 21.03.2018 16:00:56 ]: Loading Purchase Data...
[ 21.03.2018 16:01:13 ]: Loading Purchase Data: done
[ 21.03.2018 16:01:13 ]: Loading Production Data...
[ 21.03.2018 16:01:22 ]: Loading Production Data: done
[ 21.03.2018 16:01:22 ]: Loading Item Data...
[ 21.03.2018 16:11:43 ]: Loading Item Data: done
[ 21.03.2018 16:12:02 ]: FillCalculatedItem: done
[ 21.03.2018 16:12:32 ]: Data generated. Required time: 00:12:30.3237827
[ 21.03.2018 17:00:02 ]: Started - Connection String: DSN=Navision Frank-Live - Developer Mode: False
[ 21.03.2018 17:00:02 ]: Loading Sales Data...
[ 21.03.2018 17:00:50 ]: Loading Sales Data: done
[ 21.03.2018 17:00:50 ]: Loading Purchase Data...
[ 21.03.2018 17:01:07 ]: Loading Purchase Data: done
[ 21.03.2018 17:01:07 ]: Loading Production Data...
[ 21.03.2018 17:01:15 ]: Loading Production Data: done
[ 21.03.2018 17:01:15 ]: Loading Item Data...
[ 21.03.2018 17:11:26 ]: Loading Item Data: done
[ 21.03.2018 17:11:45 ]: FillCalculatedItem: done
[ 21.03.2018 17:12:16 ]: Data generated. Required time: 00:12:13.5074332
[ 22.03.2018 01:00:00 ]: Started - Connection String: DSN=Navision Frank-Live - Developer Mode: False
[ 22.03.2018 01:00:00 ]: Loading Sales Data...
[ 22.03.2018 01:01:52 ]: Loading Sales Data: done
[ 22.03.2018 01:01:52 ]: Loading Purchase Data...
[ 22.03.2018 01:02:36 ]: Loading Purchase Data: done
[ 22.03.2018 01:02:36 ]: Loading Production Data...
[ 22.03.2018 01:02:46 ]: Loading Production Data: done
[ 22.03.2018 01:02:46 ]: Loading Item Data...
[ 22.03.2018 01:14:52 ]: Loading Item Data: done
[ 22.03.2018 01:15:11 ]: FillCalculatedItem: done
[ 22.03.2018 01:15:41 ]: Data generated. Required time: 00:15:40.9425337
[ 22.03.2018 02:00:00 ]: Started - Connection String: DSN=Navision Frank-Live - Developer Mode: False
[ 22.03.2018 02:00:00 ]: Loading Sales Data...
[ 22.03.2018 02:02:10 ]: Loading Sales Data: done
[ 22.03.2018 02:02:10 ]: Loading Purchase Data...
[ 22.03.2018 02:02:57 ]: Loading Purchase Data: done
[ 22.03.2018 02:02:57 ]: Loading Production Data...
[ 22.03.2018 02:03:07 ]: Loading Production Data: done
[ 22.03.2018 02:03:07 ]: Loading Item Data...
[ 22.03.2018 02:15:16 ]: Loading Item Data: done
[ 22.03.2018 02:15:35 ]: FillCalculatedItem: done
[ 22.03.2018 02:16:05 ]: Data generated. Required time: 00:16:04.6761339
[ 22.03.2018 03:00:00 ]: Started - Connection String: DSN=Navision Frank-Live - Developer Mode: False
[ 22.03.2018 03:00:00 ]: Loading Sales Data...
[ 22.03.2018 03:00:57 ]: Loading Sales Data: done
[ 22.03.2018 03:00:57 ]: Loading Purchase Data...
[ 22.03.2018 03:01:13 ]: Loading Purchase Data: done
[ 22.03.2018 03:01:13 ]: Loading Production Data...
[ 22.03.2018 03:01:21 ]: Loading Production Data: done
[ 22.03.2018 03:01:21 ]: Loading Item Data...
[ 22.03.2018 03:11:34 ]: Loading Item Data: done
[ 22.03.2018 03:11:53 ]: FillCalculatedItem: done
[ 22.03.2018 03:12:23 ]: Data generated. Required time: 00:12:22.8492665
[ 22.03.2018 04:00:00 ]: Started - Connection String: DSN=Navision Frank-Live - Developer Mode: False
[ 22.03.2018 04:00:00 ]: Loading Sales Data...
[ 22.03.2018 04:00:52 ]: Loading Sales Data: done
[ 22.03.2018 04:00:52 ]: Loading Purchase Data...
[ 22.03.2018 04:01:08 ]: Loading Purchase Data: done
[ 22.03.2018 04:01:08 ]: Loading Production Data...
[ 22.03.2018 04:01:16 ]: Loading Production Data: done
[ 22.03.2018 04:01:16 ]: Loading Item Data...
[ 22.03.2018 04:11:21 ]: Loading Item Data: done
[ 22.03.2018 04:11:40 ]: FillCalculatedItem: done
[ 22.03.2018 04:12:11 ]: Data generated. Required time: 00:12:10.5288370
[ 22.03.2018 05:00:00 ]: Started - Connection String: DSN=Navision Frank-Live - Developer Mode: False
[ 22.03.2018 05:00:00 ]: Loading Sales Data...
[ 22.03.2018 05:00:49 ]: Loading Sales Data: done
[ 22.03.2018 05:00:49 ]: Loading Purchase Data...
[ 22.03.2018 05:01:16 ]: Loading Purchase Data: done
[ 22.03.2018 05:01:16 ]: Loading Production Data...
[ 22.03.2018 05:01:24 ]: Loading Production Data: done
[ 22.03.2018 05:01:24 ]: Loading Item Data...
[ 22.03.2018 05:11:29 ]: Loading Item Data: done
[ 22.03.2018 05:11:48 ]: FillCalculatedItem: done
[ 22.03.2018 05:12:19 ]: Data generated. Required time: 00:12:18.2455138
[ 22.03.2018 06:00:01 ]: Started - Connection String: DSN=Navision Frank-Live - Developer Mode: False
[ 22.03.2018 06:00:01 ]: Loading Sales Data...
[ 22.03.2018 06:00:50 ]: Loading Sales Data: done
[ 22.03.2018 06:00:50 ]: Loading Purchase Data...
[ 22.03.2018 06:01:14 ]: Loading Purchase Data: done
[ 22.03.2018 06:01:14 ]: Loading Production Data...
[ 22.03.2018 06:01:22 ]: Loading Production Data: done
[ 22.03.2018 06:01:22 ]: Loading Item Data...
[ 22.03.2018 06:11:30 ]: Loading Item Data: done
[ 22.03.2018 06:11:48 ]: FillCalculatedItem: done
[ 22.03.2018 06:12:19 ]: Data generated. Required time: 00:12:18.4003355
[ 22.03.2018 06:43:03 ]: Started - Connection String: DSN=Navision Frank-Backup - Developer Mode: True
[ 22.03.2018 06:43:03 ]: Loading Sales Data...
[ 22.03.2018 06:43:51 ]: Loading Sales Data: done
[ 22.03.2018 06:43:51 ]: Loading Purchase Data...
[ 22.03.2018 06:44:11 ]: Loading Purchase Data: done
[ 22.03.2018 06:44:11 ]: Loading Production Data...
[ 22.03.2018 06:44:35 ]: Loading Production Data: done
[ 22.03.2018 06:44:35 ]: Loading Item Data...
[ 22.03.2018 06:50:09 ]: Started - Connection String: DSN=Navision Frank-Backup - Developer Mode: True
[ 22.03.2018 06:50:09 ]: Loading Sales Data...
[ 22.03.2018 06:50:58 ]: Loading Sales Data: done
[ 22.03.2018 06:50:58 ]: Loading Purchase Data...
[ 22.03.2018 06:51:26 ]: Loading Purchase Data: done
[ 22.03.2018 06:51:26 ]: Loading Production Data...
[ 22.03.2018 06:51:58 ]: Loading Production Data: done
[ 22.03.2018 06:51:58 ]: Loading Item Data...
[ 22.03.2018 06:53:21 ]: Item AR2455 with parent AK0437: ParentInventory changed: 0 -> 3
[ 22.03.2018 06:53:21 ]: Item AR2454 with parent AR2455: ParentInventory changed: 0 -> 3
[ 22.03.2018 06:53:27 ]: Loading Item Data: done
[ 22.03.2018 07:00:00 ]: Started - Connection String: DSN=Navision Frank-Live - Developer Mode: False
[ 22.03.2018 07:00:00 ]: Loading Sales Data...
[ 22.03.2018 07:00:57 ]: Loading Sales Data: done
[ 22.03.2018 07:00:57 ]: Loading Purchase Data...
[ 22.03.2018 07:01:28 ]: Loading Purchase Data: done
[ 22.03.2018 07:01:28 ]: Loading Production Data...
[ 22.03.2018 07:01:37 ]: Loading Production Data: done
[ 22.03.2018 07:01:37 ]: Loading Item Data...
[ 22.03.2018 07:03:16 ]: Started - Connection String: DSN=Navision Frank-Backup - Developer Mode: True
[ 22.03.2018 07:03:16 ]: Loading Sales Data...
[ 22.03.2018 07:03:46 ]: Loading Sales Data: done
[ 22.03.2018 07:03:46 ]: Loading Purchase Data...
[ 22.03.2018 07:04:08 ]: Loading Purchase Data: done
[ 22.03.2018 07:04:08 ]: Loading Production Data...
[ 22.03.2018 07:04:30 ]: Loading Production Data: done
[ 22.03.2018 07:04:30 ]: Loading Item Data...
[ 22.03.2018 07:05:31 ]: Item AR2455 with parent AK0437: ParentInventory changed: 0 -> 3
[ 22.03.2018 07:05:31 ]: Item AR2454 with parent AR2455: ParentInventory changed: 0 -> 3
[ 22.03.2018 07:05:53 ]: Item AK0437 with parent AK0575: ParentInventory changed: 0 -> 1
[ 22.03.2018 07:05:53 ]: Item AR2455 with parent AK0437: ParentInventory changed: 3 -> 7
[ 22.03.2018 07:05:53 ]: Item AR2454 with parent AR2455: ParentInventory changed: 3 -> 7
[ 22.03.2018 07:22:07 ]: Loading Item Data: done
[ 22.03.2018 07:24:37 ]: Started - Connection String: DSN=Navision Frank-Backup - Developer Mode: True
[ 22.03.2018 07:24:37 ]: Loading Sales Data...
[ 22.03.2018 07:24:52 ]: Started - Connection String: DSN=Navision Frank-Live - Developer Mode: False
[ 22.03.2018 07:24:52 ]: Loading Sales Data...
[ 22.03.2018 07:26:36 ]: Loading Sales Data: done
[ 22.03.2018 07:26:36 ]: Loading Purchase Data...
[ 22.03.2018 07:27:05 ]: Loading Purchase Data: done
[ 22.03.2018 07:27:05 ]: Loading Production Data...
[ 22.03.2018 07:27:15 ]: Loading Production Data: done
[ 22.03.2018 07:27:15 ]: Loading Item Data...
[ 22.03.2018 07:38:15 ]: Loading Item Data: done
[ 22.03.2018 07:38:34 ]: FillCalculatedItem: done
[ 22.03.2018 07:39:08 ]: Data generated. Required time: 00:14:15.9635182
[ 22.03.2018 08:24:52 ]: Started - Connection String: DSN=Navision Frank-Live - Developer Mode: False
[ 22.03.2018 08:24:52 ]: Loading Sales Data...
[ 22.03.2018 08:26:01 ]: Loading Sales Data: done
[ 22.03.2018 08:26:01 ]: Loading Purchase Data...
[ 22.03.2018 08:26:23 ]: Loading Purchase Data: done
[ 22.03.2018 08:26:23 ]: Loading Production Data...
[ 22.03.2018 08:26:33 ]: Loading Production Data: done
[ 22.03.2018 08:26:33 ]: Loading Item Data...
[ 22.03.2018 08:38:02 ]: Loading Item Data: done
[ 22.03.2018 08:38:23 ]: FillCalculatedItem: done
[ 22.03.2018 08:38:57 ]: Data generated. Required time: 00:14:04.8568692
[ 22.03.2018 09:24:52 ]: Started - Connection String: DSN=Navision Frank-Live - Developer Mode: False
[ 22.03.2018 09:24:52 ]: Loading Sales Data...
[ 22.03.2018 09:26:11 ]: Loading Sales Data: done
[ 22.03.2018 09:26:11 ]: Loading Purchase Data...
[ 22.03.2018 09:26:51 ]: Loading Purchase Data: done
[ 22.03.2018 09:26:51 ]: Loading Production Data...
[ 22.03.2018 09:27:01 ]: Loading Production Data: done
[ 22.03.2018 09:27:01 ]: Loading Item Data...
[ 8/2/2021 3:06:57 PM ]: Started - Connection String: DSN=Navision Frank-Live - Developer Mode: False
[ 8/2/2021 3:06:57 PM ]: Loading Sales Data...
[ 8/9/2021 1:50:06 PM ]: Started - Connection String: DSN=Navision Frank-Live - Developer Mode: False
[ 8/9/2021 1:50:06 PM ]: Loading Sales Data...
[ 8/9/2021 2:50:58 PM ]: Started - Connection String: DSN=Navision Frank-Live - Developer Mode: False
[ 8/9/2021 2:50:58 PM ]: Loading Sales Data...
[ 8/9/2021 3:51:45 PM ]: Started - Connection String: DSN=Navision Frank-Live - Developer Mode: False
[ 8/9/2021 3:51:46 PM ]: Loading Sales Data...
[ 8/9/2021 4:52:37 PM ]: Started - Connection String: DSN=Navision Frank-Live - Developer Mode: False
[ 8/9/2021 4:52:37 PM ]: Loading Sales Data...
[ 8/9/2021 5:53:21 PM ]: Started - Connection String: DSN=Navision Frank-Live - Developer Mode: False
[ 8/9/2021 5:53:21 PM ]: Loading Sales Data...
[ 8/10/2021 1:00:44 AM ]: Started - Connection String: DSN=Navision Frank-Live - Developer Mode: False
[ 8/10/2021 1:00:44 AM ]: Loading Sales Data...
[ 8/10/2021 2:01:27 AM ]: Started - Connection String: DSN=Navision Frank-Live - Developer Mode: False
[ 8/10/2021 2:01:27 AM ]: Loading Sales Data...
[ 8/10/2021 3:02:20 AM ]: Started - Connection String: DSN=Navision Frank-Live - Developer Mode: False
[ 8/10/2021 3:02:20 AM ]: Loading Sales Data...
[ 8/10/2021 4:03:09 AM ]: Started - Connection String: DSN=Navision Frank-Live - Developer Mode: False
[ 8/10/2021 4:03:09 AM ]: Loading Sales Data...
[ 8/10/2021 5:03:54 AM ]: Started - Connection String: DSN=Navision Frank-Live - Developer Mode: False
[ 8/10/2021 5:03:54 AM ]: Loading Sales Data...
[ 8/10/2021 6:04:45 AM ]: Started - Connection String: DSN=Navision Frank-Live - Developer Mode: False
[ 8/10/2021 6:04:45 AM ]: Loading Sales Data...
[ 8/10/2021 7:05:43 AM ]: Started - Connection String: DSN=Navision Frank-Live - Developer Mode: False
[ 8/10/2021 7:05:43 AM ]: Loading Sales Data...
[ 8/10/2021 8:06:30 AM ]: Started - Connection String: DSN=Navision Frank-Live - Developer Mode: False
[ 8/10/2021 8:06:30 AM ]: Loading Sales Data...
[ 8/10/2021 9:07:25 AM ]: Started - Connection String: DSN=Navision Frank-Live - Developer Mode: False
[ 8/10/2021 9:07:25 AM ]: Loading Sales Data...
[ 8/10/2021 10:08:06 AM ]: Started - Connection String: DSN=Navision Frank-Live - Developer Mode: False
[ 8/10/2021 10:08:06 AM ]: Loading Sales Data...
[ 8/10/2021 11:09:00 AM ]: Started - Connection String: DSN=Navision Frank-Live - Developer Mode: False
[ 8/10/2021 11:09:00 AM ]: Loading Sales Data...
[ 8/10/2021 12:09:50 PM ]: Started - Connection String: DSN=Navision Frank-Live - Developer Mode: False
[ 8/10/2021 12:09:50 PM ]: Loading Sales Data...
[ 8/10/2021 1:10:36 PM ]: Started - Connection String: DSN=Navision Frank-Live - Developer Mode: False
[ 8/10/2021 1:10:36 PM ]: Loading Sales Data...
[ 8/10/2021 2:11:26 PM ]: Started - Connection String: DSN=Navision Frank-Live - Developer Mode: False
[ 8/10/2021 2:11:26 PM ]: Loading Sales Data...
[ 8/10/2021 3:12:17 PM ]: Started - Connection String: DSN=Navision Frank-Live - Developer Mode: False
[ 8/10/2021 3:12:17 PM ]: Loading Sales Data...
[ 8/10/2021 4:13:05 PM ]: Started - Connection String: DSN=Navision Frank-Live - Developer Mode: False
[ 8/10/2021 4:13:05 PM ]: Loading Sales Data...
[ 8/10/2021 5:13:58 PM ]: Started - Connection String: DSN=Navision Frank-Live - Developer Mode: False
[ 8/10/2021 5:13:58 PM ]: Loading Sales Data...
